2019-05-02 16:37:49[THREAD ID=main]  INFO  HtmlUnitPlatform:22 - Starting HtmlUnit
2019-05-02 16:38:21[THREAD ID=main]  INFO  HtmlUnitPlatform:22 - Starting HtmlUnit
2019-05-02 17:22:10[THREAD ID=main]  INFO  HtmlUnitPlatform:22 - Starting HtmlUnit
2019-05-02 17:22:23[THREAD ID=main]  INFO  HtmlUnitPlatform:22 - Starting HtmlUnit
2019-05-02 17:22:48[THREAD ID=main]  FATAL SearchElement:61 -  Object Nome do Usuario not found with By.id: username 
java.lang.UnsupportedOperationException: Cannot execute JS against a plain text page
	at org.openqa.selenium.htmlunit.HtmlUnitDriver.getPageToInjectScriptInto(HtmlUnitDriver.java:935)
	at org.openqa.selenium.htmlunit.HtmlUnitDriver.executeScript(HtmlUnitDriver.java:869)
	at br.com.testfilipe.core.selenium.searchelements.SearchElementForWEB.lambda$0(SearchElementForWEB.java:24)
	at org.openqa.selenium.support.ui.FluentWait.until(FluentWait.java:208)
	at br.com.testfilipe.core.selenium.searchelements.SearchElementForWEB.waitToBeReady(SearchElementForWEB.java:23)
	at br.com.testfilipe.core.selenium.searchelements.SearchElement.findElementBy(SearchElement.java:46)
	at br.com.testfilipe.test.pageobject.salesforce.Login.setUsuario(Login.java:43)
	at br.com.testfilipe.test.pageobject.salesforce.Login.setcredentials(Login.java:53)
	at br.com.testfilipe.test.clientes.renner.TestAdesaoArquivo.validaArquivoAdesaoSalesForce(TestAdesaoArquivo.java:54)
	at sun.reflect.NativeMethodAccessorImpl.invoke0(Native Method)
	at sun.reflect.NativeMethodAccessorImpl.invoke(NativeMethodAccessorImpl.java:62)
	at sun.reflect.DelegatingMethodAccessorImpl.invoke(DelegatingMethodAccessorImpl.java:43)
	at java.lang.reflect.Method.invoke(Method.java:498)
	at org.junit.runners.model.FrameworkMethod$1.runReflectiveCall(FrameworkMethod.java:50)
	at org.junit.internal.runners.model.ReflectiveCallable.run(ReflectiveCallable.java:12)
	at org.junit.runners.model.FrameworkMethod.invokeExplosively(FrameworkMethod.java:47)
	at org.junit.internal.runners.statements.InvokeMethod.evaluate(InvokeMethod.java:17)
	at org.junit.runners.ParentRunner.runLeaf(ParentRunner.java:325)
	at org.junit.runners.BlockJUnit4ClassRunner.runChild(BlockJUnit4ClassRunner.java:78)
	at org.junit.runners.BlockJUnit4ClassRunner.runChild(BlockJUnit4ClassRunner.java:57)
	at org.junit.runners.ParentRunner$3.run(ParentRunner.java:290)
	at org.junit.runners.ParentRunner$1.schedule(ParentRunner.java:71)
	at org.junit.runners.ParentRunner.runChildren(ParentRunner.java:288)
	at org.junit.runners.ParentRunner.access$000(ParentRunner.java:58)
	at org.junit.runners.ParentRunner$2.evaluate(ParentRunner.java:268)
	at org.junit.internal.runners.statements.RunBefores.evaluate(RunBefores.java:26)
	at org.junit.internal.runners.statements.RunAfters.evaluate(RunAfters.java:27)
	at org.junit.runners.ParentRunner.run(ParentRunner.java:363)
	at org.eclipse.jdt.internal.junit4.runner.JUnit4TestReference.run(JUnit4TestReference.java:89)
	at org.eclipse.jdt.internal.junit.runner.TestExecution.run(TestExecution.java:41)
	at org.eclipse.jdt.internal.junit.runner.RemoteTestRunner.runTests(RemoteTestRunner.java:541)
	at org.eclipse.jdt.internal.junit.runner.RemoteTestRunner.runTests(RemoteTestRunner.java:763)
	at org.eclipse.jdt.internal.junit.runner.RemoteTestRunner.run(RemoteTestRunner.java:463)
	at org.eclipse.jdt.internal.junit.runner.RemoteTestRunner.main(RemoteTestRunner.java:209)
2019-05-02 17:24:22[THREAD ID=main]  INFO  HtmlUnitPlatform:22 - Starting HtmlUnit
2019-05-02 17:25:14[THREAD ID=main]  INFO  HtmlUnitPlatform:22 - Starting HtmlUnit
2019-05-02 17:25:29[THREAD ID=main]  FATAL SearchElement:61 -  Object Nome do Usuario not found with By.id: username 
java.lang.UnsupportedOperationException: Cannot execute JS against a plain text page
	at org.openqa.selenium.htmlunit.HtmlUnitDriver.getPageToInjectScriptInto(HtmlUnitDriver.java:935)
	at org.openqa.selenium.htmlunit.HtmlUnitDriver.executeScript(HtmlUnitDriver.java:869)
	at br.com.testfilipe.core.selenium.searchelements.SearchElementForWEB.lambda$0(SearchElementForWEB.java:24)
	at org.openqa.selenium.support.ui.FluentWait.until(FluentWait.java:208)
	at br.com.testfilipe.core.selenium.searchelements.SearchElementForWEB.waitToBeReady(SearchElementForWEB.java:23)
	at br.com.testfilipe.core.selenium.searchelements.SearchElement.findElementBy(SearchElement.java:46)
	at br.com.testfilipe.test.pageobject.salesforce.Login.setUsuario(Login.java:43)
	at br.com.testfilipe.test.pageobject.salesforce.Login.setcredentials(Login.java:53)
	at br.com.testfilipe.test.clientes.renner.TestAdesaoArquivo.validaArquivoAdesaoSalesForce(TestAdesaoArquivo.java:54)
	at sun.reflect.NativeMethodAccessorImpl.invoke0(Native Method)
	at sun.reflect.NativeMethodAccessorImpl.invoke(NativeMethodAccessorImpl.java:62)
	at sun.reflect.DelegatingMethodAccessorImpl.invoke(DelegatingMethodAccessorImpl.java:43)
	at java.lang.reflect.Method.invoke(Method.java:498)
	at org.junit.runners.model.FrameworkMethod$1.runReflectiveCall(FrameworkMethod.java:50)
	at org.junit.internal.runners.model.ReflectiveCallable.run(ReflectiveCallable.java:12)
	at org.junit.runners.model.FrameworkMethod.invokeExplosively(FrameworkMethod.java:47)
	at org.junit.internal.runners.statements.InvokeMethod.evaluate(InvokeMethod.java:17)
	at org.junit.runners.ParentRunner.runLeaf(ParentRunner.java:325)
	at org.junit.runners.BlockJUnit4ClassRunner.runChild(BlockJUnit4ClassRunner.java:78)
	at org.junit.runners.BlockJUnit4ClassRunner.runChild(BlockJUnit4ClassRunner.java:57)
	at org.junit.runners.ParentRunner$3.run(ParentRunner.java:290)
	at org.junit.runners.ParentRunner$1.schedule(ParentRunner.java:71)
	at org.junit.runners.ParentRunner.runChildren(ParentRunner.java:288)
	at org.junit.runners.ParentRunner.access$000(ParentRunner.java:58)
	at org.junit.runners.ParentRunner$2.evaluate(ParentRunner.java:268)
	at org.junit.internal.runners.statements.RunBefores.evaluate(RunBefores.java:26)
	at org.junit.internal.runners.statements.RunAfters.evaluate(RunAfters.java:27)
	at org.junit.runners.ParentRunner.run(ParentRunner.java:363)
	at org.eclipse.jdt.internal.junit4.runner.JUnit4TestReference.run(JUnit4TestReference.java:89)
	at org.eclipse.jdt.internal.junit.runner.TestExecution.run(TestExecution.java:41)
	at org.eclipse.jdt.internal.junit.runner.RemoteTestRunner.runTests(RemoteTestRunner.java:541)
	at org.eclipse.jdt.internal.junit.runner.RemoteTestRunner.runTests(RemoteTestRunner.java:763)
	at org.eclipse.jdt.internal.junit.runner.RemoteTestRunner.run(RemoteTestRunner.java:463)
	at org.eclipse.jdt.internal.junit.runner.RemoteTestRunner.main(RemoteTestRunner.java:209)
2019-05-02 17:27:56[THREAD ID=main]  INFO  phantomPlatform:38 - Starting Local WebDriver
2019-05-03 14:06:14[THREAD ID=main]  INFO  ChromePlatform:42 - Starting Local WebDriver
2019-05-03 14:09:14[THREAD ID=main]  INFO  ChromePlatform:42 - Starting Local WebDriver
2019-05-03 14:12:22[THREAD ID=main]  INFO  ChromePlatform:42 - Starting Local WebDriver
2019-05-03 14:14:13[THREAD ID=main]  INFO  ChromePlatform:42 - Starting Local WebDriver
2019-05-03 14:14:22[THREAD ID=main]  INFO  SearchElement:54 -  Object Nome do Usuario found
2019-05-03 14:14:25[THREAD ID=main]  INFO  SearchElement:54 -  Object Senha found
2019-05-03 14:14:25[THREAD ID=main]  INFO  SearchElement:54 -  Object Acessar found
2019-05-03 14:19:54[THREAD ID=main]  INFO  ChromePlatform:42 - Starting Local WebDriver
2019-05-03 14:20:03[THREAD ID=main]  INFO  SearchElement:54 -  Object Nome do Usuario found
2019-05-03 14:20:06[THREAD ID=main]  INFO  SearchElement:54 -  Object Senha found
2019-05-03 14:20:07[THREAD ID=main]  INFO  SearchElement:54 -  Object Acessar found
2019-05-03 14:32:14[THREAD ID=main]  INFO  ChromePlatform:42 - Starting Local WebDriver
2019-05-03 14:32:23[THREAD ID=main]  INFO  SearchElement:54 -  Object Nome do Usuario found
2019-05-03 14:32:26[THREAD ID=main]  INFO  SearchElement:54 -  Object Senha found
2019-05-03 14:32:27[THREAD ID=main]  INFO  SearchElement:54 -  Object Acessar found
2019-05-03 14:33:06[THREAD ID=main]  INFO  ChromePlatform:42 - Starting Local WebDriver
2019-05-03 14:36:46[THREAD ID=main]  INFO  ChromePlatform:42 - Starting Local WebDriver
2019-05-03 14:39:32[THREAD ID=main]  INFO  ChromePlatform:42 - Starting Local WebDriver
2019-05-03 14:41:38[THREAD ID=main]  INFO  ChromePlatform:42 - Starting Local WebDriver
2019-05-03 14:41:49[THREAD ID=main]  INFO  SearchElement:54 -  Object Nome do Usuario found
2019-05-03 15:53:31[THREAD ID=main]  INFO  ChromePlatform:42 - Starting Local WebDriver
2019-05-03 15:53:55[THREAD ID=main]  INFO  SearchElement:54 -  Object Usuario logado found
2019-05-03 15:57:20[THREAD ID=main]  INFO  SearchElement:54 -  Object Acessar found
2019-05-03 16:00:36[THREAD ID=main]  INFO  SearchElement:54 -  Object Calendário found
2019-05-03 16:00:41[THREAD ID=main]  FATAL CommandAction:183 - Object: '[[ChromeDriver: chrome on LINUX (555e9561cb1bc0fcd5da3a724e38ca24)] -> xpath: //one-app-nav-bar-item-root[@aria-hidden='false']//span[text()='Calendário']]' cannot click action
org.openqa.selenium.WebDriverException: unknown error: Cannot read property 'defaultView' of undefined
  (Session info: chrome=74.0.3729.131)
  (Driver info: chromedriver=2.35.528139 (47ead77cb35ad2a9a83248b292151462a66cd881),platform=Linux 4.15.0-48-generic x86_64) (WARNING: The server did not provide any stacktrace information)
Command duration or timeout: 0 milliseconds
Build info: version: '3.8.1', revision: '6e95a6684b', time: '2017-12-01T18:33:54.468Z'
System info: host: 'filipe-Aspire-E1-572', ip: '127.0.1.1', os.name: 'Linux', os.arch: 'amd64', os.version: '4.15.0-48-generic', java.version: '1.8.0_201'
Driver info: org.openqa.selenium.chrome.ChromeDriver
Capabilities {acceptInsecureCerts: false, acceptSslCerts: false, applicationCacheEnabled: false, browserConnectionEnabled: false, browserName: chrome, chrome: {chromedriverVersion: 2.35.528139 (47ead77cb35ad2..., userDataDir: }, cssSelectorsEnabled: true, databaseEnabled: false, handlesAlerts: true, hasTouchScreen: false, javascriptEnabled: true, locationContextEnabled: true, mobileEmulationEnabled: false, nativeEvents: true, networkConnectionEnabled: false, pageLoadStrategy: normal, platform: LINUX, platformName: LINUX, rotatable: false, setWindowRect: true, takesHeapSnapshot: true, takesScreenshot: true, unexpectedAlertBehaviour: , unhandledPromptBehavior: , version: 74.0.3729.131, webStorageEnabled: true}
Session ID: 555e9561cb1bc0fcd5da3a724e38ca24
	at sun.reflect.NativeConstructorAccessorImpl.newInstance0(Native Method)
	at sun.reflect.NativeConstructorAccessorImpl.newInstance(NativeConstructorAccessorImpl.java:62)
	at sun.reflect.DelegatingConstructorAccessorImpl.newInstance(DelegatingConstructorAccessorImpl.java:45)
	at java.lang.reflect.Constructor.newInstance(Constructor.java:423)
	at org.openqa.selenium.remote.ErrorHandler.createThrowable(ErrorHandler.java:214)
	at org.openqa.selenium.remote.ErrorHandler.throwIfResponseFailed(ErrorHandler.java:166)
	at org.openqa.selenium.remote.http.JsonHttpResponseCodec.reconstructValue(JsonHttpResponseCodec.java:40)
	at org.openqa.selenium.remote.http.AbstractHttpResponseCodec.decode(AbstractHttpResponseCodec.java:80)
	at org.openqa.selenium.remote.http.AbstractHttpResponseCodec.decode(AbstractHttpResponseCodec.java:44)
	at org.openqa.selenium.remote.HttpCommandExecutor.execute(HttpCommandExecutor.java:164)
	at org.openqa.selenium.remote.service.DriverCommandExecutor.execute(DriverCommandExecutor.java:83)
	at org.openqa.selenium.remote.RemoteWebDriver.execute(RemoteWebDriver.java:601)
	at org.openqa.selenium.remote.RemoteWebElement.execute(RemoteWebElement.java:279)
	at org.openqa.selenium.remote.RemoteWebElement.click(RemoteWebElement.java:83)
	at br.com.testfilipe.core.selenium.command.CommandAction.click(CommandAction.java:177)
	at br.com.testfilipe.test.pageobject.salesforce.MainMenu.navigateMenu(MainMenu.java:42)
	at br.com.testfilipe.test.clientes.renner.TestAdesaoArquivo.validaArquivoAdesaoSalesForce(TestAdesaoArquivo.java:57)
	at sun.reflect.NativeMethodAccessorImpl.invoke0(Native Method)
	at sun.reflect.NativeMethodAccessorImpl.invoke(NativeMethodAccessorImpl.java:62)
	at sun.reflect.DelegatingMethodAccessorImpl.invoke(DelegatingMethodAccessorImpl.java:43)
	at java.lang.reflect.Method.invoke(Method.java:498)
	at org.junit.runners.model.FrameworkMethod$1.runReflectiveCall(FrameworkMethod.java:50)
	at org.junit.internal.runners.model.ReflectiveCallable.run(ReflectiveCallable.java:12)
	at org.junit.runners.model.FrameworkMethod.invokeExplosively(FrameworkMethod.java:47)
	at org.junit.internal.runners.statements.InvokeMethod.evaluate(InvokeMethod.java:17)
	at org.junit.runners.ParentRunner.runLeaf(ParentRunner.java:325)
	at org.junit.runners.BlockJUnit4ClassRunner.runChild(BlockJUnit4ClassRunner.java:78)
	at org.junit.runners.BlockJUnit4ClassRunner.runChild(BlockJUnit4ClassRunner.java:57)
	at org.junit.runners.ParentRunner$3.run(ParentRunner.java:290)
	at org.junit.runners.ParentRunner$1.schedule(ParentRunner.java:71)
	at org.junit.runners.ParentRunner.runChildren(ParentRunner.java:288)
	at org.junit.runners.ParentRunner.access$000(ParentRunner.java:58)
	at org.junit.runners.ParentRunner$2.evaluate(ParentRunner.java:268)
	at org.junit.internal.runners.statements.RunBefores.evaluate(RunBefores.java:26)
	at org.junit.internal.runners.statements.RunAfters.evaluate(RunAfters.java:27)
	at org.junit.runners.ParentRunner.run(ParentRunner.java:363)
	at org.eclipse.jdt.internal.junit4.runner.JUnit4TestReference.run(JUnit4TestReference.java:89)
	at org.eclipse.jdt.internal.junit.runner.TestExecution.run(TestExecution.java:41)
	at org.eclipse.jdt.internal.junit.runner.RemoteTestRunner.runTests(RemoteTestRunner.java:541)
	at org.eclipse.jdt.internal.junit.runner.RemoteTestRunner.runTests(RemoteTestRunner.java:763)
	at org.eclipse.jdt.internal.junit.runner.RemoteTestRunner.run(RemoteTestRunner.java:463)
	at org.eclipse.jdt.internal.junit.runner.RemoteTestRunner.main(RemoteTestRunner.java:209)
2019-05-03 16:02:09[THREAD ID=main]  INFO  ChromePlatform:42 - Starting Local WebDriver
2019-05-03 16:02:25[THREAD ID=main]  INFO  SearchElement:54 -  Object Usuario logado found
2019-05-03 16:02:25[THREAD ID=main]  INFO  SearchElement:54 -  Object Acessar found
2019-05-03 16:03:41[THREAD ID=main]  INFO  SearchElement:54 -  Object Calendário found
2019-05-03 16:03:52[THREAD ID=main]  FATAL CommandAction:183 - Object: '[[ChromeDriver: chrome on LINUX (c587dc6e272b3ac185bd48a513cbde63)] -> xpath: //one-app-nav-bar-item-root[@aria-hidden='false']//span[text()='Calendário']]' cannot click action
org.openqa.selenium.WebDriverException: unknown error: Cannot read property 'defaultView' of undefined
  (Session info: chrome=74.0.3729.131)
  (Driver info: chromedriver=2.35.528139 (47ead77cb35ad2a9a83248b292151462a66cd881),platform=Linux 4.15.0-48-generic x86_64) (WARNING: The server did not provide any stacktrace information)
Command duration or timeout: 0 milliseconds
Build info: version: '3.8.1', revision: '6e95a6684b', time: '2017-12-01T18:33:54.468Z'
System info: host: 'filipe-Aspire-E1-572', ip: '127.0.1.1', os.name: 'Linux', os.arch: 'amd64', os.version: '4.15.0-48-generic', java.version: '1.8.0_201'
Driver info: org.openqa.selenium.chrome.ChromeDriver
Capabilities {acceptInsecureCerts: false, acceptSslCerts: false, applicationCacheEnabled: false, browserConnectionEnabled: false, browserName: chrome, chrome: {chromedriverVersion: 2.35.528139 (47ead77cb35ad2..., userDataDir: }, cssSelectorsEnabled: true, databaseEnabled: false, handlesAlerts: true, hasTouchScreen: false, javascriptEnabled: true, locationContextEnabled: true, mobileEmulationEnabled: false, nativeEvents: true, networkConnectionEnabled: false, pageLoadStrategy: normal, platform: LINUX, platformName: LINUX, rotatable: false, setWindowRect: true, takesHeapSnapshot: true, takesScreenshot: true, unexpectedAlertBehaviour: , unhandledPromptBehavior: , version: 74.0.3729.131, webStorageEnabled: true}
Session ID: c587dc6e272b3ac185bd48a513cbde63
	at sun.reflect.NativeConstructorAccessorImpl.newInstance0(Native Method)
	at sun.reflect.NativeConstructorAccessorImpl.newInstance(NativeConstructorAccessorImpl.java:62)
	at sun.reflect.DelegatingConstructorAccessorImpl.newInstance(DelegatingConstructorAccessorImpl.java:45)
	at java.lang.reflect.Constructor.newInstance(Constructor.java:423)
	at org.openqa.selenium.remote.ErrorHandler.createThrowable(ErrorHandler.java:214)
	at org.openqa.selenium.remote.ErrorHandler.throwIfResponseFailed(ErrorHandler.java:166)
	at org.openqa.selenium.remote.http.JsonHttpResponseCodec.reconstructValue(JsonHttpResponseCodec.java:40)
	at org.openqa.selenium.remote.http.AbstractHttpResponseCodec.decode(AbstractHttpResponseCodec.java:80)
	at org.openqa.selenium.remote.http.AbstractHttpResponseCodec.decode(AbstractHttpResponseCodec.java:44)
	at org.openqa.selenium.remote.HttpCommandExecutor.execute(HttpCommandExecutor.java:164)
	at org.openqa.selenium.remote.service.DriverCommandExecutor.execute(DriverCommandExecutor.java:83)
	at org.openqa.selenium.remote.RemoteWebDriver.execute(RemoteWebDriver.java:601)
	at org.openqa.selenium.remote.RemoteWebElement.execute(RemoteWebElement.java:279)
	at org.openqa.selenium.remote.RemoteWebElement.click(RemoteWebElement.java:83)
	at br.com.testfilipe.core.selenium.command.CommandAction.click(CommandAction.java:177)
	at br.com.testfilipe.test.pageobject.salesforce.MainMenu.navigateMenu(MainMenu.java:42)
	at br.com.testfilipe.test.clientes.renner.TestAdesaoArquivo.validaArquivoAdesaoSalesForce(TestAdesaoArquivo.java:57)
	at sun.reflect.NativeMethodAccessorImpl.invoke0(Native Method)
	at sun.reflect.NativeMethodAccessorImpl.invoke(NativeMethodAccessorImpl.java:62)
	at sun.reflect.DelegatingMethodAccessorImpl.invoke(DelegatingMethodAccessorImpl.java:43)
	at java.lang.reflect.Method.invoke(Method.java:498)
	at org.junit.runners.model.FrameworkMethod$1.runReflectiveCall(FrameworkMethod.java:50)
	at org.junit.internal.runners.model.ReflectiveCallable.run(ReflectiveCallable.java:12)
	at org.junit.runners.model.FrameworkMethod.invokeExplosively(FrameworkMethod.java:47)
	at org.junit.internal.runners.statements.InvokeMethod.evaluate(InvokeMethod.java:17)
	at org.junit.runners.ParentRunner.runLeaf(ParentRunner.java:325)
	at org.junit.runners.BlockJUnit4ClassRunner.runChild(BlockJUnit4ClassRunner.java:78)
	at org.junit.runners.BlockJUnit4ClassRunner.runChild(BlockJUnit4ClassRunner.java:57)
	at org.junit.runners.ParentRunner$3.run(ParentRunner.java:290)
	at org.junit.runners.ParentRunner$1.schedule(ParentRunner.java:71)
	at org.junit.runners.ParentRunner.runChildren(ParentRunner.java:288)
	at org.junit.runners.ParentRunner.access$000(ParentRunner.java:58)
	at org.junit.runners.ParentRunner$2.evaluate(ParentRunner.java:268)
	at org.junit.internal.runners.statements.RunBefores.evaluate(RunBefores.java:26)
	at org.junit.internal.runners.statements.RunAfters.evaluate(RunAfters.java:27)
	at org.junit.runners.ParentRunner.run(ParentRunner.java:363)
	at org.eclipse.jdt.internal.junit4.runner.JUnit4TestReference.run(JUnit4TestReference.java:89)
	at org.eclipse.jdt.internal.junit.runner.TestExecution.run(TestExecution.java:41)
	at org.eclipse.jdt.internal.junit.runner.RemoteTestRunner.runTests(RemoteTestRunner.java:541)
	at org.eclipse.jdt.internal.junit.runner.RemoteTestRunner.runTests(RemoteTestRunner.java:763)
	at org.eclipse.jdt.internal.junit.runner.RemoteTestRunner.run(RemoteTestRunner.java:463)
	at org.eclipse.jdt.internal.junit.runner.RemoteTestRunner.main(RemoteTestRunner.java:209)
2019-05-03 16:04:05[THREAD ID=main]  FATAL CommandAction:183 - Object: '[[ChromeDriver: chrome on LINUX (c587dc6e272b3ac185bd48a513cbde63)] -> xpath: //one-app-nav-bar-item-root[@aria-hidden='false']//span[text()='Calendário']]' cannot click action
org.openqa.selenium.WebDriverException: unknown error: Cannot read property 'defaultView' of undefined
  (Session info: chrome=74.0.3729.131)
  (Driver info: chromedriver=2.35.528139 (47ead77cb35ad2a9a83248b292151462a66cd881),platform=Linux 4.15.0-48-generic x86_64) (WARNING: The server did not provide any stacktrace information)
Command duration or timeout: 0 milliseconds
Build info: version: '3.8.1', revision: '6e95a6684b', time: '2017-12-01T18:33:54.468Z'
System info: host: 'filipe-Aspire-E1-572', ip: '127.0.1.1', os.name: 'Linux', os.arch: 'amd64', os.version: '4.15.0-48-generic', java.version: '1.8.0_201'
Driver info: org.openqa.selenium.chrome.ChromeDriver
Capabilities {acceptInsecureCerts: false, acceptSslCerts: false, applicationCacheEnabled: false, browserConnectionEnabled: false, browserName: chrome, chrome: {chromedriverVersion: 2.35.528139 (47ead77cb35ad2..., userDataDir: }, cssSelectorsEnabled: true, databaseEnabled: false, handlesAlerts: true, hasTouchScreen: false, javascriptEnabled: true, locationContextEnabled: true, mobileEmulationEnabled: false, nativeEvents: true, networkConnectionEnabled: false, pageLoadStrategy: normal, platform: LINUX, platformName: LINUX, rotatable: false, setWindowRect: true, takesHeapSnapshot: true, takesScreenshot: true, unexpectedAlertBehaviour: , unhandledPromptBehavior: , version: 74.0.3729.131, webStorageEnabled: true}
Session ID: c587dc6e272b3ac185bd48a513cbde63
	at sun.reflect.NativeConstructorAccessorImpl.newInstance0(Native Method)
	at sun.reflect.NativeConstructorAccessorImpl.newInstance(NativeConstructorAccessorImpl.java:62)
	at sun.reflect.DelegatingConstructorAccessorImpl.newInstance(DelegatingConstructorAccessorImpl.java:45)
	at java.lang.reflect.Constructor.newInstance(Constructor.java:423)
	at org.openqa.selenium.remote.ErrorHandler.createThrowable(ErrorHandler.java:214)
	at org.openqa.selenium.remote.ErrorHandler.throwIfResponseFailed(ErrorHandler.java:166)
	at org.openqa.selenium.remote.http.JsonHttpResponseCodec.reconstructValue(JsonHttpResponseCodec.java:40)
	at org.openqa.selenium.remote.http.AbstractHttpResponseCodec.decode(AbstractHttpResponseCodec.java:80)
	at org.openqa.selenium.remote.http.AbstractHttpResponseCodec.decode(AbstractHttpResponseCodec.java:44)
	at org.openqa.selenium.remote.HttpCommandExecutor.execute(HttpCommandExecutor.java:164)
	at org.openqa.selenium.remote.service.DriverCommandExecutor.execute(DriverCommandExecutor.java:83)
	at org.openqa.selenium.remote.RemoteWebDriver.execute(RemoteWebDriver.java:601)
	at org.openqa.selenium.remote.RemoteWebElement.execute(RemoteWebElement.java:279)
	at org.openqa.selenium.remote.RemoteWebElement.click(RemoteWebElement.java:83)
	at br.com.testfilipe.core.selenium.command.CommandAction.click(CommandAction.java:177)
	at br.com.testfilipe.test.pageobject.salesforce.MainMenu.navigateMenu(MainMenu.java:42)
	at br.com.testfilipe.test.clientes.renner.TestAdesaoArquivo.validaArquivoAdesaoSalesForce(TestAdesaoArquivo.java:57)
	at sun.reflect.NativeMethodAccessorImpl.invoke0(Native Method)
	at sun.reflect.NativeMethodAccessorImpl.invoke(NativeMethodAccessorImpl.java:62)
	at sun.reflect.DelegatingMethodAccessorImpl.invoke(DelegatingMethodAccessorImpl.java:43)
	at java.lang.reflect.Method.invoke(Method.java:498)
	at org.junit.runners.model.FrameworkMethod$1.runReflectiveCall(FrameworkMethod.java:50)
	at org.junit.internal.runners.model.ReflectiveCallable.run(ReflectiveCallable.java:12)
	at org.junit.runners.model.FrameworkMethod.invokeExplosively(FrameworkMethod.java:47)
	at org.junit.internal.runners.statements.InvokeMethod.evaluate(InvokeMethod.java:17)
	at org.junit.runners.ParentRunner.runLeaf(ParentRunner.java:325)
	at org.junit.runners.BlockJUnit4ClassRunner.runChild(BlockJUnit4ClassRunner.java:78)
	at org.junit.runners.BlockJUnit4ClassRunner.runChild(BlockJUnit4ClassRunner.java:57)
	at org.junit.runners.ParentRunner$3.run(ParentRunner.java:290)
	at org.junit.runners.ParentRunner$1.schedule(ParentRunner.java:71)
	at org.junit.runners.ParentRunner.runChildren(ParentRunner.java:288)
	at org.junit.runners.ParentRunner.access$000(ParentRunner.java:58)
	at org.junit.runners.ParentRunner$2.evaluate(ParentRunner.java:268)
	at org.junit.internal.runners.statements.RunBefores.evaluate(RunBefores.java:26)
	at org.junit.internal.runners.statements.RunAfters.evaluate(RunAfters.java:27)
	at org.junit.runners.ParentRunner.run(ParentRunner.java:363)
	at org.eclipse.jdt.internal.junit4.runner.JUnit4TestReference.run(JUnit4TestReference.java:89)
	at org.eclipse.jdt.internal.junit.runner.TestExecution.run(TestExecution.java:41)
	at org.eclipse.jdt.internal.junit.runner.RemoteTestRunner.runTests(RemoteTestRunner.java:541)
	at org.eclipse.jdt.internal.junit.runner.RemoteTestRunner.runTests(RemoteTestRunner.java:763)
	at org.eclipse.jdt.internal.junit.runner.RemoteTestRunner.run(RemoteTestRunner.java:463)
	at org.eclipse.jdt.internal.junit.runner.RemoteTestRunner.main(RemoteTestRunner.java:209)
2019-05-03 16:10:44[THREAD ID=main]  INFO  SearchElement:54 -  Object Calendário found
2019-05-03 16:11:09[THREAD ID=main]  INFO  SearchElement:54 -  Object Calendário found
2019-05-03 16:11:20[THREAD ID=main]  INFO  SearchElement:54 -  Object Calendário found
2019-05-03 16:11:34[THREAD ID=main]  INFO  SearchElement:54 -  Object Calendário found
2019-05-03 16:11:41[THREAD ID=main]  FATAL CommandAction:183 - Object: '[[[[ChromeDriver: chrome on LINUX (c587dc6e272b3ac185bd48a513cbde63)] -> xpath: //one-app-nav-bar-item-root[@aria-hidden='false']//span[text()='Calendário']]] -> xpath: ../..//a[@class='slds-context-bar__label-action dndItem']]' cannot click action
org.openqa.selenium.WebDriverException: unknown error: Cannot read property 'defaultView' of undefined
  (Session info: chrome=74.0.3729.131)
  (Driver info: chromedriver=2.35.528139 (47ead77cb35ad2a9a83248b292151462a66cd881),platform=Linux 4.15.0-48-generic x86_64) (WARNING: The server did not provide any stacktrace information)
Command duration or timeout: 0 milliseconds
Build info: version: '3.8.1', revision: '6e95a6684b', time: '2017-12-01T18:33:54.468Z'
System info: host: 'filipe-Aspire-E1-572', ip: '127.0.1.1', os.name: 'Linux', os.arch: 'amd64', os.version: '4.15.0-48-generic', java.version: '1.8.0_201'
Driver info: org.openqa.selenium.chrome.ChromeDriver
Capabilities {acceptInsecureCerts: false, acceptSslCerts: false, applicationCacheEnabled: false, browserConnectionEnabled: false, browserName: chrome, chrome: {chromedriverVersion: 2.35.528139 (47ead77cb35ad2..., userDataDir: }, cssSelectorsEnabled: true, databaseEnabled: false, handlesAlerts: true, hasTouchScreen: false, javascriptEnabled: true, locationContextEnabled: true, mobileEmulationEnabled: false, nativeEvents: true, networkConnectionEnabled: false, pageLoadStrategy: normal, platform: LINUX, platformName: LINUX, rotatable: false, setWindowRect: true, takesHeapSnapshot: true, takesScreenshot: true, unexpectedAlertBehaviour: , unhandledPromptBehavior: , version: 74.0.3729.131, webStorageEnabled: true}
Session ID: c587dc6e272b3ac185bd48a513cbde63
	at sun.reflect.NativeConstructorAccessorImpl.newInstance0(Native Method)
	at sun.reflect.NativeConstructorAccessorImpl.newInstance(NativeConstructorAccessorImpl.java:62)
	at sun.reflect.DelegatingConstructorAccessorImpl.newInstance(DelegatingConstructorAccessorImpl.java:45)
	at java.lang.reflect.Constructor.newInstance(Constructor.java:423)
	at org.openqa.selenium.remote.ErrorHandler.createThrowable(ErrorHandler.java:214)
	at org.openqa.selenium.remote.ErrorHandler.throwIfResponseFailed(ErrorHandler.java:166)
	at org.openqa.selenium.remote.http.JsonHttpResponseCodec.reconstructValue(JsonHttpResponseCodec.java:40)
	at org.openqa.selenium.remote.http.AbstractHttpResponseCodec.decode(AbstractHttpResponseCodec.java:80)
	at org.openqa.selenium.remote.http.AbstractHttpResponseCodec.decode(AbstractHttpResponseCodec.java:44)
	at org.openqa.selenium.remote.HttpCommandExecutor.execute(HttpCommandExecutor.java:164)
	at org.openqa.selenium.remote.service.DriverCommandExecutor.execute(DriverCommandExecutor.java:83)
	at org.openqa.selenium.remote.RemoteWebDriver.execute(RemoteWebDriver.java:601)
	at org.openqa.selenium.remote.RemoteWebElement.execute(RemoteWebElement.java:279)
	at org.openqa.selenium.remote.RemoteWebElement.click(RemoteWebElement.java:83)
	at br.com.testfilipe.core.selenium.command.CommandAction.click(CommandAction.java:177)
	at br.com.testfilipe.test.pageobject.salesforce.MainMenu.navigateMenu(MainMenu.java:45)
	at br.com.testfilipe.test.clientes.renner.TestAdesaoArquivo.validaArquivoAdesaoSalesForce(TestAdesaoArquivo.java:57)
	at sun.reflect.NativeMethodAccessorImpl.invoke0(Native Method)
	at sun.reflect.NativeMethodAccessorImpl.invoke(NativeMethodAccessorImpl.java:62)
	at sun.reflect.DelegatingMethodAccessorImpl.invoke(DelegatingMethodAccessorImpl.java:43)
	at java.lang.reflect.Method.invoke(Method.java:498)
	at org.junit.runners.model.FrameworkMethod$1.runReflectiveCall(FrameworkMethod.java:50)
	at org.junit.internal.runners.model.ReflectiveCallable.run(ReflectiveCallable.java:12)
	at org.junit.runners.model.FrameworkMethod.invokeExplosively(FrameworkMethod.java:47)
	at org.junit.internal.runners.statements.InvokeMethod.evaluate(InvokeMethod.java:17)
	at org.junit.runners.ParentRunner.runLeaf(ParentRunner.java:325)
	at org.junit.runners.BlockJUnit4ClassRunner.runChild(BlockJUnit4ClassRunner.java:78)
	at org.junit.runners.BlockJUnit4ClassRunner.runChild(BlockJUnit4ClassRunner.java:57)
	at org.junit.runners.ParentRunner$3.run(ParentRunner.java:290)
	at org.junit.runners.ParentRunner$1.schedule(ParentRunner.java:71)
	at org.junit.runners.ParentRunner.runChildren(ParentRunner.java:288)
	at org.junit.runners.ParentRunner.access$000(ParentRunner.java:58)
	at org.junit.runners.ParentRunner$2.evaluate(ParentRunner.java:268)
	at org.junit.internal.runners.statements.RunBefores.evaluate(RunBefores.java:26)
	at org.junit.internal.runners.statements.RunAfters.evaluate(RunAfters.java:27)
	at org.junit.runners.ParentRunner.run(ParentRunner.java:363)
	at org.eclipse.jdt.internal.junit4.runner.JUnit4TestReference.run(JUnit4TestReference.java:89)
	at org.eclipse.jdt.internal.junit.runner.TestExecution.run(TestExecution.java:41)
	at org.eclipse.jdt.internal.junit.runner.RemoteTestRunner.runTests(RemoteTestRunner.java:541)
	at org.eclipse.jdt.internal.junit.runner.RemoteTestRunner.runTests(RemoteTestRunner.java:763)
	at org.eclipse.jdt.internal.junit.runner.RemoteTestRunner.run(RemoteTestRunner.java:463)
	at org.eclipse.jdt.internal.junit.runner.RemoteTestRunner.main(RemoteTestRunner.java:209)
2019-05-03 16:15:27[THREAD ID=main]  INFO  ChromePlatform:42 - Starting Local WebDriver
2019-05-03 16:15:39[THREAD ID=main]  INFO  SearchElement:54 -  Object Usuario logado found
2019-05-03 16:15:40[THREAD ID=main]  INFO  SearchElement:54 -  Object Acessar found
2019-05-03 16:15:59[THREAD ID=main]  INFO  SearchElement:54 -  Object Calendário found
2019-05-03 16:16:08[THREAD ID=main]  FATAL CommandAction:183 - Object: '[[ChromeDriver: chrome on LINUX (b74885aa1e4422a86f28c46ed51bb21c)] -> xpath: //one-app-nav-bar-item-root[@aria-hidden='false']//span[text()='Calendário']/../..//a[@class='slds-context-bar__label-action dndItem']]' cannot click action
org.openqa.selenium.WebDriverException: unknown error: Cannot read property 'defaultView' of undefined
  (Session info: chrome=74.0.3729.131)
  (Driver info: chromedriver=2.35.528139 (47ead77cb35ad2a9a83248b292151462a66cd881),platform=Linux 4.15.0-48-generic x86_64) (WARNING: The server did not provide any stacktrace information)
Command duration or timeout: 0 milliseconds
Build info: version: '3.8.1', revision: '6e95a6684b', time: '2017-12-01T18:33:54.468Z'
System info: host: 'filipe-Aspire-E1-572', ip: '127.0.1.1', os.name: 'Linux', os.arch: 'amd64', os.version: '4.15.0-48-generic', java.version: '1.8.0_201'
Driver info: org.openqa.selenium.chrome.ChromeDriver
Capabilities {acceptInsecureCerts: false, acceptSslCerts: false, applicationCacheEnabled: false, browserConnectionEnabled: false, browserName: chrome, chrome: {chromedriverVersion: 2.35.528139 (47ead77cb35ad2..., userDataDir: }, cssSelectorsEnabled: true, databaseEnabled: false, handlesAlerts: true, hasTouchScreen: false, javascriptEnabled: true, locationContextEnabled: true, mobileEmulationEnabled: false, nativeEvents: true, networkConnectionEnabled: false, pageLoadStrategy: normal, platform: LINUX, platformName: LINUX, rotatable: false, setWindowRect: true, takesHeapSnapshot: true, takesScreenshot: true, unexpectedAlertBehaviour: , unhandledPromptBehavior: , version: 74.0.3729.131, webStorageEnabled: true}
Session ID: b74885aa1e4422a86f28c46ed51bb21c
	at sun.reflect.NativeConstructorAccessorImpl.newInstance0(Native Method)
	at sun.reflect.NativeConstructorAccessorImpl.newInstance(NativeConstructorAccessorImpl.java:62)
	at sun.reflect.DelegatingConstructorAccessorImpl.newInstance(DelegatingConstructorAccessorImpl.java:45)
	at java.lang.reflect.Constructor.newInstance(Constructor.java:423)
	at org.openqa.selenium.remote.ErrorHandler.createThrowable(ErrorHandler.java:214)
	at org.openqa.selenium.remote.ErrorHandler.throwIfResponseFailed(ErrorHandler.java:166)
	at org.openqa.selenium.remote.http.JsonHttpResponseCodec.reconstructValue(JsonHttpResponseCodec.java:40)
	at org.openqa.selenium.remote.http.AbstractHttpResponseCodec.decode(AbstractHttpResponseCodec.java:80)
	at org.openqa.selenium.remote.http.AbstractHttpResponseCodec.decode(AbstractHttpResponseCodec.java:44)
	at org.openqa.selenium.remote.HttpCommandExecutor.execute(HttpCommandExecutor.java:164)
	at org.openqa.selenium.remote.service.DriverCommandExecutor.execute(DriverCommandExecutor.java:83)
	at org.openqa.selenium.remote.RemoteWebDriver.execute(RemoteWebDriver.java:601)
	at org.openqa.selenium.remote.RemoteWebElement.execute(RemoteWebElement.java:279)
	at org.openqa.selenium.remote.RemoteWebElement.click(RemoteWebElement.java:83)
	at br.com.testfilipe.core.selenium.command.CommandAction.click(CommandAction.java:177)
	at br.com.testfilipe.test.pageobject.salesforce.MainMenu.navigateMenu(MainMenu.java:43)
	at br.com.testfilipe.test.clientes.renner.TestAdesaoArquivo.validaArquivoAdesaoSalesForce(TestAdesaoArquivo.java:57)
	at sun.reflect.NativeMethodAccessorImpl.invoke0(Native Method)
	at sun.reflect.NativeMethodAccessorImpl.invoke(NativeMethodAccessorImpl.java:62)
	at sun.reflect.DelegatingMethodAccessorImpl.invoke(DelegatingMethodAccessorImpl.java:43)
	at java.lang.reflect.Method.invoke(Method.java:498)
	at org.junit.runners.model.FrameworkMethod$1.runReflectiveCall(FrameworkMethod.java:50)
	at org.junit.internal.runners.model.ReflectiveCallable.run(ReflectiveCallable.java:12)
	at org.junit.runners.model.FrameworkMethod.invokeExplosively(FrameworkMethod.java:47)
	at org.junit.internal.runners.statements.InvokeMethod.evaluate(InvokeMethod.java:17)
	at org.junit.runners.ParentRunner.runLeaf(ParentRunner.java:325)
	at org.junit.runners.BlockJUnit4ClassRunner.runChild(BlockJUnit4ClassRunner.java:78)
	at org.junit.runners.BlockJUnit4ClassRunner.runChild(BlockJUnit4ClassRunner.java:57)
	at org.junit.runners.ParentRunner$3.run(ParentRunner.java:290)
	at org.junit.runners.ParentRunner$1.schedule(ParentRunner.java:71)
	at org.junit.runners.ParentRunner.runChildren(ParentRunner.java:288)
	at org.junit.runners.ParentRunner.access$000(ParentRunner.java:58)
	at org.junit.runners.ParentRunner$2.evaluate(ParentRunner.java:268)
	at org.junit.internal.runners.statements.RunBefores.evaluate(RunBefores.java:26)
	at org.junit.internal.runners.statements.RunAfters.evaluate(RunAfters.java:27)
	at org.junit.runners.ParentRunner.run(ParentRunner.java:363)
	at org.eclipse.jdt.internal.junit4.runner.JUnit4TestReference.run(JUnit4TestReference.java:89)
	at org.eclipse.jdt.internal.junit.runner.TestExecution.run(TestExecution.java:41)
	at org.eclipse.jdt.internal.junit.runner.RemoteTestRunner.runTests(RemoteTestRunner.java:541)
	at org.eclipse.jdt.internal.junit.runner.RemoteTestRunner.runTests(RemoteTestRunner.java:763)
	at org.eclipse.jdt.internal.junit.runner.RemoteTestRunner.run(RemoteTestRunner.java:463)
	at org.eclipse.jdt.internal.junit.runner.RemoteTestRunner.main(RemoteTestRunner.java:209)
2019-05-03 16:17:28[THREAD ID=main]  INFO  ChromePlatform:42 - Starting Local WebDriver
2019-05-06 11:54:11[THREAD ID=main]  INFO  ChromePlatform:42 - Starting Local WebDriver
2019-05-06 11:54:24[THREAD ID=main]  INFO  SearchElement:54 -  Object Usuario logado found
2019-05-06 11:54:24[THREAD ID=main]  INFO  SearchElement:54 -  Object Acessar found
2019-05-06 11:55:48[THREAD ID=main]  INFO  SearchElement:54 -  Object Calendário found
2019-05-06 11:56:18[THREAD ID=main]  FATAL CommandAction:183 - Object: '[[ChromeDriver: chrome on LINUX (9a3549be7f9079adc72801dee588f7dc)] -> xpath: //one-app-nav-bar-item-root[@aria-hidden='false']//span[text()='Calendário']/../..//a[@class='slds-context-bar__label-action dndItem']]' cannot click action
org.openqa.selenium.WebDriverException: unknown error: Cannot read property 'defaultView' of undefined
  (Session info: chrome=74.0.3729.131)
  (Driver info: chromedriver=2.35.528139 (47ead77cb35ad2a9a83248b292151462a66cd881),platform=Linux 4.15.0-48-generic x86_64) (WARNING: The server did not provide any stacktrace information)
Command duration or timeout: 0 milliseconds
Build info: version: '3.8.1', revision: '6e95a6684b', time: '2017-12-01T18:33:54.468Z'
System info: host: 'filipe-Aspire-E1-572', ip: '127.0.1.1', os.name: 'Linux', os.arch: 'amd64', os.version: '4.15.0-48-generic', java.version: '1.8.0_201'
Driver info: org.openqa.selenium.chrome.ChromeDriver
Capabilities {acceptInsecureCerts: false, acceptSslCerts: false, applicationCacheEnabled: false, browserConnectionEnabled: false, browserName: chrome, chrome: {chromedriverVersion: 2.35.528139 (47ead77cb35ad2..., userDataDir: }, cssSelectorsEnabled: true, databaseEnabled: false, handlesAlerts: true, hasTouchScreen: false, javascriptEnabled: true, locationContextEnabled: true, mobileEmulationEnabled: false, nativeEvents: true, networkConnectionEnabled: false, pageLoadStrategy: normal, platform: LINUX, platformName: LINUX, rotatable: false, setWindowRect: true, takesHeapSnapshot: true, takesScreenshot: true, unexpectedAlertBehaviour: , unhandledPromptBehavior: , version: 74.0.3729.131, webStorageEnabled: true}
Session ID: 9a3549be7f9079adc72801dee588f7dc
	at sun.reflect.NativeConstructorAccessorImpl.newInstance0(Native Method)
	at sun.reflect.NativeConstructorAccessorImpl.newInstance(NativeConstructorAccessorImpl.java:62)
	at sun.reflect.DelegatingConstructorAccessorImpl.newInstance(DelegatingConstructorAccessorImpl.java:45)
	at java.lang.reflect.Constructor.newInstance(Constructor.java:423)
	at org.openqa.selenium.remote.ErrorHandler.createThrowable(ErrorHandler.java:214)
	at org.openqa.selenium.remote.ErrorHandler.throwIfResponseFailed(ErrorHandler.java:166)
	at org.openqa.selenium.remote.http.JsonHttpResponseCodec.reconstructValue(JsonHttpResponseCodec.java:40)
	at org.openqa.selenium.remote.http.AbstractHttpResponseCodec.decode(AbstractHttpResponseCodec.java:80)
	at org.openqa.selenium.remote.http.AbstractHttpResponseCodec.decode(AbstractHttpResponseCodec.java:44)
	at org.openqa.selenium.remote.HttpCommandExecutor.execute(HttpCommandExecutor.java:164)
	at org.openqa.selenium.remote.service.DriverCommandExecutor.execute(DriverCommandExecutor.java:83)
	at org.openqa.selenium.remote.RemoteWebDriver.execute(RemoteWebDriver.java:601)
	at org.openqa.selenium.remote.RemoteWebElement.execute(RemoteWebElement.java:279)
	at org.openqa.selenium.remote.RemoteWebElement.click(RemoteWebElement.java:83)
	at br.com.testfilipe.core.selenium.command.CommandAction.click(CommandAction.java:177)
	at br.com.testfilipe.test.pageobject.salesforce.MainMenu.navigateMenu(MainMenu.java:32)
	at br.com.testfilipe.test.clientes.renner.TestAdesaoArquivo.validaArquivoAdesaoSalesForce(TestAdesaoArquivo.java:56)
	at sun.reflect.NativeMethodAccessorImpl.invoke0(Native Method)
	at sun.reflect.NativeMethodAccessorImpl.invoke(NativeMethodAccessorImpl.java:62)
	at sun.reflect.DelegatingMethodAccessorImpl.invoke(DelegatingMethodAccessorImpl.java:43)
	at java.lang.reflect.Method.invoke(Method.java:498)
	at org.junit.runners.model.FrameworkMethod$1.runReflectiveCall(FrameworkMethod.java:50)
	at org.junit.internal.runners.model.ReflectiveCallable.run(ReflectiveCallable.java:12)
	at org.junit.runners.model.FrameworkMethod.invokeExplosively(FrameworkMethod.java:47)
	at org.junit.internal.runners.statements.InvokeMethod.evaluate(InvokeMethod.java:17)
	at org.junit.runners.ParentRunner.runLeaf(ParentRunner.java:325)
	at org.junit.runners.BlockJUnit4ClassRunner.runChild(BlockJUnit4ClassRunner.java:78)
	at org.junit.runners.BlockJUnit4ClassRunner.runChild(BlockJUnit4ClassRunner.java:57)
	at org.junit.runners.ParentRunner$3.run(ParentRunner.java:290)
	at org.junit.runners.ParentRunner$1.schedule(ParentRunner.java:71)
	at org.junit.runners.ParentRunner.runChildren(ParentRunner.java:288)
	at org.junit.runners.ParentRunner.access$000(ParentRunner.java:58)
	at org.junit.runners.ParentRunner$2.evaluate(ParentRunner.java:268)
	at org.junit.internal.runners.statements.RunBefores.evaluate(RunBefores.java:26)
	at org.junit.internal.runners.statements.RunAfters.evaluate(RunAfters.java:27)
	at org.junit.runners.ParentRunner.run(ParentRunner.java:363)
	at org.eclipse.jdt.internal.junit4.runner.JUnit4TestReference.run(JUnit4TestReference.java:89)
	at org.eclipse.jdt.internal.junit.runner.TestExecution.run(TestExecution.java:41)
	at org.eclipse.jdt.internal.junit.runner.RemoteTestRunner.runTests(RemoteTestRunner.java:541)
	at org.eclipse.jdt.internal.junit.runner.RemoteTestRunner.runTests(RemoteTestRunner.java:763)
	at org.eclipse.jdt.internal.junit.runner.RemoteTestRunner.run(RemoteTestRunner.java:463)
	at org.eclipse.jdt.internal.junit.runner.RemoteTestRunner.main(RemoteTestRunner.java:209)
2019-05-06 12:00:23[THREAD ID=main]  INFO  SearchElement:54 -  Object Calendário found
2019-05-06 12:00:47[THREAD ID=main]  FATAL CommandAction:183 - Object: '[[ChromeDriver: chrome on LINUX (9a3549be7f9079adc72801dee588f7dc)] -> xpath: //a[@title = 'Calendário']]' cannot click action
org.openqa.selenium.WebDriverException: unknown error: Cannot read property 'defaultView' of undefined
  (Session info: chrome=74.0.3729.131)
  (Driver info: chromedriver=2.35.528139 (47ead77cb35ad2a9a83248b292151462a66cd881),platform=Linux 4.15.0-48-generic x86_64) (WARNING: The server did not provide any stacktrace information)
Command duration or timeout: 0 milliseconds
Build info: version: '3.8.1', revision: '6e95a6684b', time: '2017-12-01T18:33:54.468Z'
System info: host: 'filipe-Aspire-E1-572', ip: '127.0.1.1', os.name: 'Linux', os.arch: 'amd64', os.version: '4.15.0-48-generic', java.version: '1.8.0_201'
Driver info: org.openqa.selenium.chrome.ChromeDriver
Capabilities {acceptInsecureCerts: false, acceptSslCerts: false, applicationCacheEnabled: false, browserConnectionEnabled: false, browserName: chrome, chrome: {chromedriverVersion: 2.35.528139 (47ead77cb35ad2..., userDataDir: }, cssSelectorsEnabled: true, databaseEnabled: false, handlesAlerts: true, hasTouchScreen: false, javascriptEnabled: true, locationContextEnabled: true, mobileEmulationEnabled: false, nativeEvents: true, networkConnectionEnabled: false, pageLoadStrategy: normal, platform: LINUX, platformName: LINUX, rotatable: false, setWindowRect: true, takesHeapSnapshot: true, takesScreenshot: true, unexpectedAlertBehaviour: , unhandledPromptBehavior: , version: 74.0.3729.131, webStorageEnabled: true}
Session ID: 9a3549be7f9079adc72801dee588f7dc
	at sun.reflect.NativeConstructorAccessorImpl.newInstance0(Native Method)
	at sun.reflect.NativeConstructorAccessorImpl.newInstance(NativeConstructorAccessorImpl.java:62)
	at sun.reflect.DelegatingConstructorAccessorImpl.newInstance(DelegatingConstructorAccessorImpl.java:45)
	at java.lang.reflect.Constructor.newInstance(Constructor.java:423)
	at org.openqa.selenium.remote.ErrorHandler.createThrowable(ErrorHandler.java:214)
	at org.openqa.selenium.remote.ErrorHandler.throwIfResponseFailed(ErrorHandler.java:166)
	at org.openqa.selenium.remote.http.JsonHttpResponseCodec.reconstructValue(JsonHttpResponseCodec.java:40)
	at org.openqa.selenium.remote.http.AbstractHttpResponseCodec.decode(AbstractHttpResponseCodec.java:80)
	at org.openqa.selenium.remote.http.AbstractHttpResponseCodec.decode(AbstractHttpResponseCodec.java:44)
	at org.openqa.selenium.remote.HttpCommandExecutor.execute(HttpCommandExecutor.java:164)
	at org.openqa.selenium.remote.service.DriverCommandExecutor.execute(DriverCommandExecutor.java:83)
	at org.openqa.selenium.remote.RemoteWebDriver.execute(RemoteWebDriver.java:601)
	at org.openqa.selenium.remote.RemoteWebElement.execute(RemoteWebElement.java:279)
	at org.openqa.selenium.remote.RemoteWebElement.click(RemoteWebElement.java:83)
	at br.com.testfilipe.core.selenium.command.CommandAction.click(CommandAction.java:177)
	at br.com.testfilipe.test.pageobject.salesforce.MainMenu.navigateMenu(MainMenu.java:45)
	at br.com.testfilipe.test.clientes.renner.TestAdesaoArquivo.validaArquivoAdesaoSalesForce(TestAdesaoArquivo.java:56)
	at sun.reflect.NativeMethodAccessorImpl.invoke0(Native Method)
	at sun.reflect.NativeMethodAccessorImpl.invoke(NativeMethodAccessorImpl.java:62)
	at sun.reflect.DelegatingMethodAccessorImpl.invoke(DelegatingMethodAccessorImpl.java:43)
	at java.lang.reflect.Method.invoke(Method.java:498)
	at org.junit.runners.model.FrameworkMethod$1.runReflectiveCall(FrameworkMethod.java:50)
	at org.junit.internal.runners.model.ReflectiveCallable.run(ReflectiveCallable.java:12)
	at org.junit.runners.model.FrameworkMethod.invokeExplosively(FrameworkMethod.java:47)
	at org.junit.internal.runners.statements.InvokeMethod.evaluate(InvokeMethod.java:17)
	at org.junit.runners.ParentRunner.runLeaf(ParentRunner.java:325)
	at org.junit.runners.BlockJUnit4ClassRunner.runChild(BlockJUnit4ClassRunner.java:78)
	at org.junit.runners.BlockJUnit4ClassRunner.runChild(BlockJUnit4ClassRunner.java:57)
	at org.junit.runners.ParentRunner$3.run(ParentRunner.java:290)
	at org.junit.runners.ParentRunner$1.schedule(ParentRunner.java:71)
	at org.junit.runners.ParentRunner.runChildren(ParentRunner.java:288)
	at org.junit.runners.ParentRunner.access$000(ParentRunner.java:58)
	at org.junit.runners.ParentRunner$2.evaluate(ParentRunner.java:268)
	at org.junit.internal.runners.statements.RunBefores.evaluate(RunBefores.java:26)
	at org.junit.internal.runners.statements.RunAfters.evaluate(RunAfters.java:27)
	at org.junit.runners.ParentRunner.run(ParentRunner.java:363)
	at org.eclipse.jdt.internal.junit4.runner.JUnit4TestReference.run(JUnit4TestReference.java:89)
	at org.eclipse.jdt.internal.junit.runner.TestExecution.run(TestExecution.java:41)
	at org.eclipse.jdt.internal.junit.runner.RemoteTestRunner.runTests(RemoteTestRunner.java:541)
	at org.eclipse.jdt.internal.junit.runner.RemoteTestRunner.runTests(RemoteTestRunner.java:763)
	at org.eclipse.jdt.internal.junit.runner.RemoteTestRunner.run(RemoteTestRunner.java:463)
	at org.eclipse.jdt.internal.junit.runner.RemoteTestRunner.main(RemoteTestRunner.java:209)
2019-05-06 12:11:09[THREAD ID=main]  INFO  ChromePlatform:42 - Starting Local WebDriver
2019-05-06 12:12:47[THREAD ID=main]  INFO  ChromePlatform:42 - Starting Local WebDriver
2019-05-06 12:12:59[THREAD ID=main]  INFO  SearchElement:54 -  Object Usuario logado found
2019-05-06 12:13:00[THREAD ID=main]  INFO  SearchElement:54 -  Object Acessar found
2019-05-06 12:13:16[THREAD ID=main]  INFO  SearchElement:54 -  Object Calendário found
2019-05-06 12:14:26[THREAD ID=main]  INFO  ChromePlatform:42 - Starting Local WebDriver
2019-05-06 12:14:45[THREAD ID=main]  INFO  SearchElement:54 -  Object Usuario logado found
2019-05-06 12:14:46[THREAD ID=main]  INFO  SearchElement:54 -  Object Acessar found
2019-05-06 12:14:59[THREAD ID=main]  INFO  SearchElement:54 -  Object Calendário found
2019-05-06 12:16:18[THREAD ID=main]  INFO  ChromePlatform:42 - Starting Local WebDriver
2019-05-06 12:16:28[THREAD ID=main]  INFO  SearchElement:54 -  Object Usuario logado found
2019-05-06 12:16:28[THREAD ID=main]  INFO  SearchElement:54 -  Object Acessar found
2019-05-06 12:16:38[THREAD ID=main]  INFO  SearchElement:54 -  Object Calendário found
2019-05-06 13:00:27[THREAD ID=main]  INFO  ChromePlatform:42 - Starting Local WebDriver
2019-05-06 13:00:55[THREAD ID=main]  INFO  ChromePlatform:42 - Starting Local WebDriver
2019-05-06 13:02:18[THREAD ID=main]  INFO  ChromePlatform:42 - Starting Local WebDriver
2019-05-06 13:02:29[THREAD ID=main]  INFO  SearchElement:54 -  Object Usuario logado found
2019-05-06 13:02:30[THREAD ID=main]  INFO  SearchElement:54 -  Object Acessar found
2019-05-06 13:03:04[THREAD ID=main]  INFO  SearchElement:54 -  Object Relatórios found
2019-05-06 14:24:19[THREAD ID=main]  INFO  ChromePlatform:42 - Starting Local WebDriver
2019-05-06 14:30:30[THREAD ID=main]  INFO  ChromePlatform:42 - Starting Local WebDriver
2019-05-06 14:30:41[THREAD ID=main]  INFO  SearchElement:54 -  Object Usuario logado found
2019-05-06 14:30:41[THREAD ID=main]  INFO  SearchElement:54 -  Object Acessar found
2019-05-06 14:31:50[THREAD ID=main]  FATAL SearchElement:61 -  Object Inicio not found with By.xpath: //span[text()='Inicio']/.. 
org.openqa.selenium.TimeoutException: Expected condition failed: waiting for presence of element located by: By.xpath: //span[text()='Inicio']/.. (tried for 30 second(s) with 500 MILLISECONDS interval)
	at org.openqa.selenium.support.ui.WebDriverWait.timeoutException(WebDriverWait.java:82)
	at org.openqa.selenium.support.ui.FluentWait.until(FluentWait.java:231)
	at br.com.testfilipe.core.selenium.searchelements.SearchElement.findElementBy(SearchElement.java:47)
	at br.com.testfilipe.test.pageobject.salesforce.MainMenu.navigateMenu(MainMenu.java:36)
	at br.com.testfilipe.test.clientes.renner.TestAdesaoArquivo.startTest(TestAdesaoArquivo.java:52)
	at sun.reflect.NativeMethodAccessorImpl.invoke0(Native Method)
	at sun.reflect.NativeMethodAccessorImpl.invoke(NativeMethodAccessorImpl.java:62)
	at sun.reflect.DelegatingMethodAccessorImpl.invoke(DelegatingMethodAccessorImpl.java:43)
	at java.lang.reflect.Method.invoke(Method.java:498)
	at org.junit.runners.model.FrameworkMethod$1.runReflectiveCall(FrameworkMethod.java:50)
	at org.junit.internal.runners.model.ReflectiveCallable.run(ReflectiveCallable.java:12)
	at org.junit.runners.model.FrameworkMethod.invokeExplosively(FrameworkMethod.java:47)
	at org.junit.internal.runners.statements.RunBefores.evaluate(RunBefores.java:24)
	at org.junit.runners.ParentRunner.runLeaf(ParentRunner.java:325)
	at org.junit.runners.BlockJUnit4ClassRunner.runChild(BlockJUnit4ClassRunner.java:78)
	at org.junit.runners.BlockJUnit4ClassRunner.runChild(BlockJUnit4ClassRunner.java:57)
	at org.junit.runners.ParentRunner$3.run(ParentRunner.java:290)
	at org.junit.runners.ParentRunner$1.schedule(ParentRunner.java:71)
	at org.junit.runners.ParentRunner.runChildren(ParentRunner.java:288)
	at org.junit.runners.ParentRunner.access$000(ParentRunner.java:58)
	at org.junit.runners.ParentRunner$2.evaluate(ParentRunner.java:268)
	at org.junit.internal.runners.statements.RunBefores.evaluate(RunBefores.java:26)
	at org.junit.internal.runners.statements.RunAfters.evaluate(RunAfters.java:27)
	at org.junit.runners.ParentRunner.run(ParentRunner.java:363)
	at org.eclipse.jdt.internal.junit4.runner.JUnit4TestReference.run(JUnit4TestReference.java:89)
	at org.eclipse.jdt.internal.junit.runner.TestExecution.run(TestExecution.java:41)
	at org.eclipse.jdt.internal.junit.runner.RemoteTestRunner.runTests(RemoteTestRunner.java:541)
	at org.eclipse.jdt.internal.junit.runner.RemoteTestRunner.runTests(RemoteTestRunner.java:763)
	at org.eclipse.jdt.internal.junit.runner.RemoteTestRunner.run(RemoteTestRunner.java:463)
	at org.eclipse.jdt.internal.junit.runner.RemoteTestRunner.main(RemoteTestRunner.java:209)
Caused by: org.openqa.selenium.NoSuchElementException: Cannot locate an element using By.xpath: //span[text()='Inicio']/..
For documentation on this error, please visit: http://seleniumhq.org/exceptions/no_such_element.html
Build info: version: '3.8.1', revision: '6e95a6684b', time: '2017-12-01T18:33:54.468Z'
System info: host: 'filipe-Aspire-E1-572', ip: '127.0.1.1', os.name: 'Linux', os.arch: 'amd64', os.version: '4.15.0-48-generic', java.version: '1.8.0_201'
Driver info: driver.version: unknown
	at org.openqa.selenium.support.ui.ExpectedConditions.lambda$findElement$0(ExpectedConditions.java:882)
	at java.util.Optional.orElseThrow(Optional.java:290)
	at org.openqa.selenium.support.ui.ExpectedConditions.findElement(ExpectedConditions.java:881)
	at org.openqa.selenium.support.ui.ExpectedConditions.access$000(ExpectedConditions.java:43)
	at org.openqa.selenium.support.ui.ExpectedConditions$6.apply(ExpectedConditions.java:182)
	at org.openqa.selenium.support.ui.ExpectedConditions$6.apply(ExpectedConditions.java:179)
	at org.openqa.selenium.support.ui.FluentWait.until(FluentWait.java:208)
	... 28 more
2019-05-06 14:48:07[THREAD ID=main]  INFO  ChromePlatform:42 - Starting Local WebDriver
2019-05-06 14:48:17[THREAD ID=main]  INFO  SearchElement:54 -  Object Usuario logado found
2019-05-06 14:48:17[THREAD ID=main]  INFO  SearchElement:54 -  Object Acessar found
2019-05-06 14:48:27[THREAD ID=main]  INFO  SearchElement:54 -  Object Inicio found
2019-05-06 14:48:31[THREAD ID=main]  INFO  SearchElement:54 -  Object Relatórios found
2019-05-06 14:53:04[THREAD ID=main]  INFO  ChromePlatform:42 - Starting Local WebDriver
2019-05-06 14:54:32[THREAD ID=main]  INFO  ChromePlatform:42 - Starting Local WebDriver
2019-05-06 14:54:41[THREAD ID=main]  INFO  SearchElement:54 -  Object Usuario logado found
2019-05-06 14:54:43[THREAD ID=main]  INFO  SearchElement:54 -  Object Acessar found
2019-05-06 14:54:53[THREAD ID=main]  INFO  SearchElement:54 -  Object Inicio found
2019-05-06 14:54:59[THREAD ID=main]  INFO  SearchElement:54 -  Object Relatórios found
2019-05-06 14:56:06[THREAD ID=main]  INFO  ChromePlatform:42 - Starting Local WebDriver
2019-05-06 14:56:13[THREAD ID=main]  INFO  SearchElement:54 -  Object Usuario logado found
2019-05-06 14:56:13[THREAD ID=main]  INFO  SearchElement:54 -  Object Acessar found
2019-05-06 14:56:24[THREAD ID=main]  INFO  SearchElement:54 -  Object Inicio found
2019-05-06 14:56:30[THREAD ID=main]  INFO  SearchElement:54 -  Object Relatórios found
2019-05-07 12:28:06[THREAD ID=main]  INFO  ChromePlatform:35 - Starting Local WebDriver
2019-05-07 12:34:50[THREAD ID=main]  INFO  ChromePlatform:35 - Starting Local WebDriver
2019-05-07 12:35:56[THREAD ID=main]  INFO  ChromePlatform:35 - Starting Local WebDriver
2019-05-07 12:36:13[THREAD ID=main]  INFO  ChromePlatform:35 - Starting Local WebDriver
2019-05-07 12:36:23[THREAD ID=main]  INFO  SearchElement:54 -  Object Usuario logado found
2019-05-07 12:36:23[THREAD ID=main]  INFO  SearchElement:54 -  Object Acessar found
2019-05-07 12:36:36[THREAD ID=main]  INFO  SearchElement:54 -  Object Inicio found
2019-05-07 13:32:04[THREAD ID=main]  INFO  ChromePlatform:35 - Starting Local WebDriver
2019-05-07 13:35:56[THREAD ID=main]  INFO  ChromePlatform:35 - Starting Local WebDriver
2019-05-07 14:08:33[THREAD ID=main]  INFO  ChromePlatform:35 - Starting Local WebDriver
2019-05-07 14:12:43[THREAD ID=main]  INFO  ChromePlatform:35 - Starting Local WebDriver
2019-05-07 14:13:00[THREAD ID=main]  INFO  SearchElement:54 -  Object Usuario logado found
2019-05-07 14:13:00[THREAD ID=main]  INFO  SearchElement:54 -  Object Acessar found
2019-05-07 14:13:31[THREAD ID=main]  FATAL SearchElement:61 -  Object Inicio not found with By.xpath: //span[text()='Início']/.. 
org.openqa.selenium.TimeoutException: Expected condition failed: waiting for presence of element located by: By.xpath: //span[text()='Início']/.. (tried for 30 second(s) with 500 MILLISECONDS interval)
	at org.openqa.selenium.support.ui.WebDriverWait.timeoutException(WebDriverWait.java:82)
	at org.openqa.selenium.support.ui.FluentWait.until(FluentWait.java:231)
	at br.com.testfilipe.core.selenium.searchelements.SearchElement.findElementBy(SearchElement.java:47)
	at br.com.testfilipe.test.pageobject.salesforce.MainMenu.navigateMenu(MainMenu.java:22)
	at br.com.testfilipe.test.clientes.renner.TestAdesaoArquivo.startTest(TestAdesaoArquivo.java:57)
	at sun.reflect.NativeMethodAccessorImpl.invoke0(Native Method)
	at sun.reflect.NativeMethodAccessorImpl.invoke(NativeMethodAccessorImpl.java:62)
	at sun.reflect.DelegatingMethodAccessorImpl.invoke(DelegatingMethodAccessorImpl.java:43)
	at java.lang.reflect.Method.invoke(Method.java:498)
	at org.junit.runners.model.FrameworkMethod$1.runReflectiveCall(FrameworkMethod.java:50)
	at org.junit.internal.runners.model.ReflectiveCallable.run(ReflectiveCallable.java:12)
	at org.junit.runners.model.FrameworkMethod.invokeExplosively(FrameworkMethod.java:47)
	at org.junit.internal.runners.statements.RunBefores.evaluate(RunBefores.java:24)
	at org.junit.runners.ParentRunner.runLeaf(ParentRunner.java:325)
	at org.junit.runners.BlockJUnit4ClassRunner.runChild(BlockJUnit4ClassRunner.java:78)
	at org.junit.runners.BlockJUnit4ClassRunner.runChild(BlockJUnit4ClassRunner.java:57)
	at org.junit.runners.ParentRunner$3.run(ParentRunner.java:290)
	at org.junit.runners.ParentRunner$1.schedule(ParentRunner.java:71)
	at org.junit.runners.ParentRunner.runChildren(ParentRunner.java:288)
	at org.junit.runners.ParentRunner.access$000(ParentRunner.java:58)
	at org.junit.runners.ParentRunner$2.evaluate(ParentRunner.java:268)
	at org.junit.internal.runners.statements.RunBefores.evaluate(RunBefores.java:26)
	at org.junit.internal.runners.statements.RunAfters.evaluate(RunAfters.java:27)
	at org.junit.runners.ParentRunner.run(ParentRunner.java:363)
	at org.eclipse.jdt.internal.junit4.runner.JUnit4TestReference.run(JUnit4TestReference.java:89)
	at org.eclipse.jdt.internal.junit.runner.TestExecution.run(TestExecution.java:41)
	at org.eclipse.jdt.internal.junit.runner.RemoteTestRunner.runTests(RemoteTestRunner.java:541)
	at org.eclipse.jdt.internal.junit.runner.RemoteTestRunner.runTests(RemoteTestRunner.java:763)
	at org.eclipse.jdt.internal.junit.runner.RemoteTestRunner.run(RemoteTestRunner.java:463)
	at org.eclipse.jdt.internal.junit.runner.RemoteTestRunner.main(RemoteTestRunner.java:209)
Caused by: org.openqa.selenium.NoSuchElementException: Cannot locate an element using By.xpath: //span[text()='Início']/..
For documentation on this error, please visit: http://seleniumhq.org/exceptions/no_such_element.html
Build info: version: '3.8.1', revision: '6e95a6684b', time: '2017-12-01T18:33:54.468Z'
System info: host: 'filipe-Aspire-E1-572', ip: '127.0.1.1', os.name: 'Linux', os.arch: 'amd64', os.version: '4.15.0-48-generic', java.version: '1.8.0_201'
Driver info: driver.version: unknown
	at org.openqa.selenium.support.ui.ExpectedConditions.lambda$findElement$0(ExpectedConditions.java:882)
	at java.util.Optional.orElseThrow(Optional.java:290)
	at org.openqa.selenium.support.ui.ExpectedConditions.findElement(ExpectedConditions.java:881)
	at org.openqa.selenium.support.ui.ExpectedConditions.access$000(ExpectedConditions.java:43)
	at org.openqa.selenium.support.ui.ExpectedConditions$6.apply(ExpectedConditions.java:182)
	at org.openqa.selenium.support.ui.ExpectedConditions$6.apply(ExpectedConditions.java:179)
	at org.openqa.selenium.support.ui.FluentWait.until(FluentWait.java:208)
	... 28 more
2019-05-07 14:17:28[THREAD ID=main]  INFO  ChromePlatform:35 - Starting Local WebDriver
2019-05-07 14:17:35[THREAD ID=main]  INFO  SearchElement:54 -  Object Usuario logado found
2019-05-07 14:17:35[THREAD ID=main]  INFO  SearchElement:54 -  Object Acessar found
2019-05-07 14:17:46[THREAD ID=main]  INFO  SearchElement:54 -  Object Inicio found
2019-05-07 14:20:48[THREAD ID=main]  INFO  ChromePlatform:35 - Starting Local WebDriver
2019-05-07 14:20:55[THREAD ID=main]  INFO  SearchElement:54 -  Object Usuario logado found
2019-05-07 14:20:55[THREAD ID=main]  INFO  SearchElement:54 -  Object Acessar found
2019-05-07 14:21:05[THREAD ID=main]  INFO  SearchElement:54 -  Object Inicio found
2019-05-07 14:23:08[THREAD ID=main]  INFO  ChromePlatform:35 - Starting Local WebDriver
2019-05-07 16:12:08[THREAD ID=main]  INFO  ChromePlatform:35 - Starting Local WebDriver
2019-05-07 16:12:36[THREAD ID=main]  INFO  ChromePlatform:35 - Starting Local WebDriver
2019-05-07 16:12:46[THREAD ID=main]  INFO  SearchElement:54 -  Object Usuario logado found
2019-05-07 16:12:46[THREAD ID=main]  INFO  SearchElement:54 -  Object Acessar found
2019-05-07 16:12:57[THREAD ID=main]  INFO  SearchElement:54 -  Object Inicio found
2019-05-07 23:23:13[THREAD ID=main]  INFO  TestAdesaoArquivo:43 - inicio
2019-05-07 23:23:17[THREAD ID=main]  INFO  TestAdesaoArquivo:43 - inicio
2019-05-07 23:23:25[THREAD ID=main]  INFO  TestAdesaoArquivo:43 - inicio
2019-05-07 23:24:29[THREAD ID=main]  INFO  TestAdesaoArquivo:115 - fim
2019-05-07 23:24:38[THREAD ID=main]  INFO  TestAdesaoArquivo:43 - inicio
2019-05-07 23:25:56[THREAD ID=main]  INFO  TestAdesaoArquivo:115 - fim
2019-05-07 23:27:00[THREAD ID=main]  INFO  TestAdesaoArquivo:43 - inicio
2019-05-07 23:28:05[THREAD ID=main]  INFO  TestAdesaoArquivo:115 - fim
2019-05-07 23:28:47[THREAD ID=main]  INFO  TestAdesaoArquivo:43 - inicio
2019-05-07 23:29:52[THREAD ID=main]  INFO  TestAdesaoArquivo:115 - fim
2019-05-07 23:29:56[THREAD ID=main]  INFO  TestAdesaoArquivo:43 - inicio
2019-05-07 23:31:04[THREAD ID=main]  INFO  TestAdesaoArquivo:115 - fim
2019-05-07 23:32:05[THREAD ID=main]  INFO  TestAdesaoArquivo:43 - inicio
2019-05-07 23:33:28[THREAD ID=main]  INFO  TestAdesaoArquivo:115 - fim
2019-05-07 23:34:47[THREAD ID=main]  INFO  TestAdesaoArquivo:43 - inicio
2019-05-07 23:35:52[THREAD ID=main]  INFO  TestAdesaoArquivo:115 - fim
2019-05-07 23:47:50[THREAD ID=main]  INFO  TestAdesaoArquivo:46 - inicio
2019-05-07 23:47:51[THREAD ID=main]  INFO  ChromePlatform:35 - Starting Local WebDriver
2019-05-07 23:47:58[THREAD ID=main]  INFO  SearchElement:54 -  Object Usuario logado found
2019-05-07 23:47:59[THREAD ID=main]  INFO  SearchElement:54 -  Object Acessar found
2019-05-07 23:48:41[THREAD ID=main]  FATAL SearchElement:61 -  Object Inicio not found with By.xpath: //span[text()='Início']/.. 
org.openqa.selenium.TimeoutException: Expected condition failed: waiting for presence of element located by: By.xpath: //span[text()='Início']/.. (tried for 30 second(s) with 500 MILLISECONDS interval)
	at org.openqa.selenium.support.ui.WebDriverWait.timeoutException(WebDriverWait.java:82)
	at org.openqa.selenium.support.ui.FluentWait.until(FluentWait.java:231)
	at br.com.testfilipe.core.selenium.searchelements.SearchElement.findElementBy(SearchElement.java:47)
	at br.com.testfilipe.test.pageobject.salesforce.MainMenu.navigateMenu(MainMenu.java:22)
	at br.com.testfilipe.test.clientes.renner.TestAdesaoArquivo.startTest(TestAdesaoArquivo.java:66)
	at sun.reflect.NativeMethodAccessorImpl.invoke0(Native Method)
	at sun.reflect.NativeMethodAccessorImpl.invoke(NativeMethodAccessorImpl.java:62)
	at sun.reflect.DelegatingMethodAccessorImpl.invoke(DelegatingMethodAccessorImpl.java:43)
	at java.lang.reflect.Method.invoke(Method.java:498)
	at org.junit.runners.model.FrameworkMethod$1.runReflectiveCall(FrameworkMethod.java:50)
	at org.junit.internal.runners.model.ReflectiveCallable.run(ReflectiveCallable.java:12)
	at org.junit.runners.model.FrameworkMethod.invokeExplosively(FrameworkMethod.java:47)
	at org.junit.internal.runners.statements.RunBefores.evaluate(RunBefores.java:24)
	at org.junit.runners.ParentRunner.runLeaf(ParentRunner.java:325)
	at org.junit.runners.BlockJUnit4ClassRunner.runChild(BlockJUnit4ClassRunner.java:78)
	at org.junit.runners.BlockJUnit4ClassRunner.runChild(BlockJUnit4ClassRunner.java:57)
	at org.junit.runners.ParentRunner$3.run(ParentRunner.java:290)
	at org.junit.runners.ParentRunner$1.schedule(ParentRunner.java:71)
	at org.junit.runners.ParentRunner.runChildren(ParentRunner.java:288)
	at org.junit.runners.ParentRunner.access$000(ParentRunner.java:58)
	at org.junit.runners.ParentRunner$2.evaluate(ParentRunner.java:268)
	at org.junit.internal.runners.statements.RunBefores.evaluate(RunBefores.java:26)
	at org.junit.internal.runners.statements.RunAfters.evaluate(RunAfters.java:27)
	at org.junit.runners.ParentRunner.run(ParentRunner.java:363)
	at org.eclipse.jdt.internal.junit4.runner.JUnit4TestReference.run(JUnit4TestReference.java:89)
	at org.eclipse.jdt.internal.junit.runner.TestExecution.run(TestExecution.java:41)
	at org.eclipse.jdt.internal.junit.runner.RemoteTestRunner.runTests(RemoteTestRunner.java:541)
	at org.eclipse.jdt.internal.junit.runner.RemoteTestRunner.runTests(RemoteTestRunner.java:763)
	at org.eclipse.jdt.internal.junit.runner.RemoteTestRunner.run(RemoteTestRunner.java:463)
	at org.eclipse.jdt.internal.junit.runner.RemoteTestRunner.main(RemoteTestRunner.java:209)
Caused by: org.openqa.selenium.NoSuchElementException: Cannot locate an element using By.xpath: //span[text()='Início']/..
For documentation on this error, please visit: http://seleniumhq.org/exceptions/no_such_element.html
Build info: version: '3.8.1', revision: '6e95a6684b', time: '2017-12-01T18:33:54.468Z'
System info: host: 'filipe-Aspire-E1-572', ip: '127.0.1.1', os.name: 'Linux', os.arch: 'amd64', os.version: '4.15.0-48-generic', java.version: '1.8.0_201'
Driver info: driver.version: unknown
	at org.openqa.selenium.support.ui.ExpectedConditions.lambda$findElement$0(ExpectedConditions.java:882)
	at java.util.Optional.orElseThrow(Optional.java:290)
	at org.openqa.selenium.support.ui.ExpectedConditions.findElement(ExpectedConditions.java:881)
	at org.openqa.selenium.support.ui.ExpectedConditions.access$000(ExpectedConditions.java:43)
	at org.openqa.selenium.support.ui.ExpectedConditions$6.apply(ExpectedConditions.java:182)
	at org.openqa.selenium.support.ui.ExpectedConditions$6.apply(ExpectedConditions.java:179)
	at org.openqa.selenium.support.ui.FluentWait.until(FluentWait.java:208)
	... 28 more
2019-05-07 23:48:42[THREAD ID=main]  INFO  TestAdesaoArquivo:72 - fim
2019-05-07 23:55:42[THREAD ID=main]  INFO  TestAdesaoArquivo:46 - inicio
2019-05-07 23:55:42[THREAD ID=main]  INFO  ChromePlatform:35 - Starting Local WebDriver
2019-05-07 23:57:21[THREAD ID=main]  INFO  TestAdesaoArquivo:46 - inicio
2019-05-07 23:57:21[THREAD ID=main]  INFO  ChromePlatform:35 - Starting Local WebDriver
2019-05-07 23:57:30[THREAD ID=main]  INFO  SearchElement:54 -  Object Usuario logado found
2019-05-07 23:57:31[THREAD ID=main]  INFO  SearchElement:54 -  Object Acessar found
2019-05-07 23:57:40[THREAD ID=main]  INFO  SearchElement:54 -  Object Inicio found
2019-05-07 23:58:20[THREAD ID=main]  FATAL SearchElement:61 -  Object Contas not found with By.xpath: //span[text()='Contas']/.. 
org.openqa.selenium.TimeoutException: Expected condition failed: waiting for presence of element located by: By.xpath: //span[text()='Contas']/.. (tried for 30 second(s) with 500 MILLISECONDS interval)
	at org.openqa.selenium.support.ui.WebDriverWait.timeoutException(WebDriverWait.java:82)
	at org.openqa.selenium.support.ui.FluentWait.until(FluentWait.java:231)
	at br.com.testfilipe.core.selenium.searchelements.SearchElement.findElementBy(SearchElement.java:47)
	at br.com.testfilipe.test.pageobject.salesforce.MainMenu.navigateMenu(MainMenu.java:22)
	at br.com.testfilipe.test.clientes.renner.TestAdesaoArquivo.validaArquivoAdesaoSalesForce(TestAdesaoArquivo.java:80)
	at sun.reflect.NativeMethodAccessorImpl.invoke0(Native Method)
	at sun.reflect.NativeMethodAccessorImpl.invoke(NativeMethodAccessorImpl.java:62)
	at sun.reflect.DelegatingMethodAccessorImpl.invoke(DelegatingMethodAccessorImpl.java:43)
	at java.lang.reflect.Method.invoke(Method.java:498)
	at org.junit.runners.model.FrameworkMethod$1.runReflectiveCall(FrameworkMethod.java:50)
	at org.junit.internal.runners.model.ReflectiveCallable.run(ReflectiveCallable.java:12)
	at org.junit.runners.model.FrameworkMethod.invokeExplosively(FrameworkMethod.java:47)
	at org.junit.internal.runners.statements.InvokeMethod.evaluate(InvokeMethod.java:17)
	at org.junit.internal.runners.statements.RunBefores.evaluate(RunBefores.java:26)
	at org.junit.runners.ParentRunner.runLeaf(ParentRunner.java:325)
	at org.junit.runners.BlockJUnit4ClassRunner.runChild(BlockJUnit4ClassRunner.java:78)
	at org.junit.runners.BlockJUnit4ClassRunner.runChild(BlockJUnit4ClassRunner.java:57)
	at org.junit.runners.ParentRunner$3.run(ParentRunner.java:290)
	at org.junit.runners.ParentRunner$1.schedule(ParentRunner.java:71)
	at org.junit.runners.ParentRunner.runChildren(ParentRunner.java:288)
	at org.junit.runners.ParentRunner.access$000(ParentRunner.java:58)
	at org.junit.runners.ParentRunner$2.evaluate(ParentRunner.java:268)
	at org.junit.internal.runners.statements.RunBefores.evaluate(RunBefores.java:26)
	at org.junit.internal.runners.statements.RunAfters.evaluate(RunAfters.java:27)
	at org.junit.runners.ParentRunner.run(ParentRunner.java:363)
	at org.eclipse.jdt.internal.junit4.runner.JUnit4TestReference.run(JUnit4TestReference.java:89)
	at org.eclipse.jdt.internal.junit.runner.TestExecution.run(TestExecution.java:41)
	at org.eclipse.jdt.internal.junit.runner.RemoteTestRunner.runTests(RemoteTestRunner.java:541)
	at org.eclipse.jdt.internal.junit.runner.RemoteTestRunner.runTests(RemoteTestRunner.java:763)
	at org.eclipse.jdt.internal.junit.runner.RemoteTestRunner.run(RemoteTestRunner.java:463)
	at org.eclipse.jdt.internal.junit.runner.RemoteTestRunner.main(RemoteTestRunner.java:209)
Caused by: org.openqa.selenium.NoSuchElementException: Cannot locate an element using By.xpath: //span[text()='Contas']/..
For documentation on this error, please visit: http://seleniumhq.org/exceptions/no_such_element.html
Build info: version: '3.8.1', revision: '6e95a6684b', time: '2017-12-01T18:33:54.468Z'
System info: host: 'filipe-Aspire-E1-572', ip: '127.0.1.1', os.name: 'Linux', os.arch: 'amd64', os.version: '4.15.0-48-generic', java.version: '1.8.0_201'
Driver info: driver.version: unknown
	at org.openqa.selenium.support.ui.ExpectedConditions.lambda$findElement$0(ExpectedConditions.java:882)
	at java.util.Optional.orElseThrow(Optional.java:290)
	at org.openqa.selenium.support.ui.ExpectedConditions.findElement(ExpectedConditions.java:881)
	at org.openqa.selenium.support.ui.ExpectedConditions.access$000(ExpectedConditions.java:43)
	at org.openqa.selenium.support.ui.ExpectedConditions$6.apply(ExpectedConditions.java:182)
	at org.openqa.selenium.support.ui.ExpectedConditions$6.apply(ExpectedConditions.java:179)
	at org.openqa.selenium.support.ui.FluentWait.until(FluentWait.java:208)
	... 29 more
2019-05-07 23:58:21[THREAD ID=main]  INFO  TestAdesaoArquivo:72 - fim
2019-05-07 23:59:52[THREAD ID=main]  INFO  TestAdesaoArquivo:46 - inicio
2019-05-07 23:59:52[THREAD ID=main]  INFO  ChromePlatform:35 - Starting Local WebDriver
2019-05-07 23:59:59[THREAD ID=main]  INFO  SearchElement:54 -  Object Usuario logado found
2019-05-08 00:00:01[THREAD ID=main]  INFO  SearchElement:54 -  Object Acessar found
2019-05-08 00:00:09[THREAD ID=main]  INFO  SearchElement:54 -  Object Inicio found
2019-05-08 00:01:05[THREAD ID=main]  INFO  SearchElement:54 -  Object Propostas found
2019-05-08 00:01:08[THREAD ID=main]  INFO  TestAdesaoArquivo:72 - fim
2019-05-08 00:04:13[THREAD ID=main]  INFO  TestAdesaoArquivo:46 - inicio
2019-05-08 00:04:13[THREAD ID=main]  INFO  ChromePlatform:35 - Starting Local WebDriver
2019-05-08 00:04:21[THREAD ID=main]  INFO  SearchElement:54 -  Object Usuario logado found
2019-05-08 00:04:22[THREAD ID=main]  INFO  SearchElement:54 -  Object Acessar found
2019-05-08 00:04:33[THREAD ID=main]  INFO  SearchElement:54 -  Object Inicio found
2019-05-08 00:05:26[THREAD ID=main]  INFO  SearchElement:54 -  Object Propostas found
2019-05-08 00:05:28[THREAD ID=main]  INFO  TestAdesaoArquivo:72 - fim
2019-05-08 00:06:25[THREAD ID=main]  INFO  TestAdesaoArquivo:46 - inicio
2019-05-08 00:06:25[THREAD ID=main]  INFO  ChromePlatform:35 - Starting Local WebDriver
2019-05-08 00:06:31[THREAD ID=main]  INFO  SearchElement:54 -  Object Usuario logado found
2019-05-08 00:06:33[THREAD ID=main]  INFO  SearchElement:54 -  Object Acessar found
2019-05-08 00:06:43[THREAD ID=main]  INFO  SearchElement:54 -  Object Inicio found
2019-05-08 00:07:34[THREAD ID=main]  INFO  SearchElement:54 -  Object Propostas found
2019-05-08 00:07:36[THREAD ID=main]  INFO  TestAdesaoArquivo:72 - fim
2019-05-08 00:07:42[THREAD ID=main]  INFO  TestAdesaoArquivo:46 - inicio
2019-05-08 00:07:42[THREAD ID=main]  INFO  ChromePlatform:35 - Starting Local WebDriver
2019-05-08 00:07:49[THREAD ID=main]  INFO  SearchElement:54 -  Object Usuario logado found
2019-05-08 00:07:50[THREAD ID=main]  INFO  SearchElement:54 -  Object Acessar found
2019-05-08 00:08:00[THREAD ID=main]  INFO  SearchElement:54 -  Object Inicio found
2019-05-08 00:08:58[THREAD ID=main]  INFO  SearchElement:54 -  Object Propostas found
2019-05-08 00:09:00[THREAD ID=main]  INFO  TestAdesaoArquivo:72 - fim
2019-05-08 10:02:31[THREAD ID=main]  INFO  TestAdesaoArquivo:49 - inicio
2019-05-08 10:02:31[THREAD ID=main]  INFO  ChromePlatform:35 - Starting Local WebDriver
2019-05-08 10:04:43[THREAD ID=main]  INFO  TestAdesaoArquivo:49 - inicio
2019-05-08 10:04:43[THREAD ID=main]  INFO  ChromePlatform:35 - Starting Local WebDriver
2019-05-08 10:04:53[THREAD ID=main]  INFO  SearchElement:54 -  Object Usuario logado found
2019-05-08 10:04:53[THREAD ID=main]  INFO  SearchElement:54 -  Object Acessar found
2019-05-08 10:05:04[THREAD ID=main]  INFO  SearchElement:54 -  Object Inicio found
2019-05-08 10:05:36[THREAD ID=main]  INFO  TestAdesaoArquivo:113 - Dados importados
2019-05-08 10:06:38[THREAD ID=main]  INFO  TestAdesaoArquivo:128 - Dados Classificados
2019-05-08 10:06:39[THREAD ID=main]  INFO  SearchElement:54 -  Object Propostas found
2019-05-08 10:06:42[THREAD ID=main]  INFO  TestAdesaoArquivo:81 - fim
2019-05-08 10:08:35[THREAD ID=main]  INFO  ChromePlatform:35 - Starting Local WebDriver
2019-05-08 10:08:50[THREAD ID=main]  INFO  SearchElement:54 -  Object Usuario logado found
2019-05-08 10:08:52[THREAD ID=main]  INFO  SearchElement:54 -  Object Acessar found
2019-05-08 10:09:00[THREAD ID=main]  INFO  SearchElement:54 -  Object Inicio found
2019-05-08 10:09:27[THREAD ID=main]  INFO  TestAdesaoArquivo:108 - Dados importados
2019-05-08 10:19:59[THREAD ID=main]  INFO  ChromePlatform:35 - Starting Local WebDriver
2019-05-08 10:20:11[THREAD ID=main]  INFO  SearchElement:54 -  Object Usuario logado found
2019-05-08 10:20:11[THREAD ID=main]  INFO  SearchElement:54 -  Object Acessar found
2019-05-08 10:20:20[THREAD ID=main]  INFO  SearchElement:54 -  Object Inicio found
2019-05-08 10:20:47[THREAD ID=main]  INFO  TestAdesaoArquivo:107 - Dados importados
2019-05-08 10:59:01[THREAD ID=main]  INFO  ChromePlatform:35 - Starting Local WebDriver
2019-05-08 10:59:31[THREAD ID=main]  INFO  ChromePlatform:35 - Starting Local WebDriver
2019-05-08 11:01:40[THREAD ID=main]  INFO  ChromePlatform:35 - Starting Local WebDriver
2019-05-08 11:01:50[THREAD ID=main]  INFO  SearchElement:54 -  Object Usuario logado found
2019-05-08 11:01:50[THREAD ID=main]  INFO  SearchElement:54 -  Object Acessar found
2019-05-08 11:01:59[THREAD ID=main]  INFO  SearchElement:54 -  Object Inicio found
2019-05-08 11:02:27[THREAD ID=main]  INFO  TestAdesaoArquivo:107 - Dados importados
2019-05-08 11:03:21[THREAD ID=main]  ERROR H2sql:51 - CREATE TABLE ADESAOPARCELAS AS SELECT * FROM ADESAO where TipoRegistro = 30
org.h2.jdbc.JdbcSQLException: Table "ADESAOPARCELAS" already exists; SQL statement:
CREATE TABLE ADESAOPARCELAS AS SELECT * FROM ADESAO where TipoRegistro = 30 [42101-197]
	at org.h2.message.DbException.getJdbcSQLException(DbException.java:357)
	at org.h2.message.DbException.get(DbException.java:179)
	at org.h2.message.DbException.get(DbException.java:155)
	at org.h2.command.ddl.CreateTable.update(CreateTable.java:86)
	at org.h2.command.CommandContainer.update(CommandContainer.java:102)
	at org.h2.command.Command.executeUpdate(Command.java:261)
	at org.h2.jdbc.JdbcStatement.executeUpdateInternal(JdbcStatement.java:169)
	at org.h2.jdbc.JdbcStatement.executeUpdate(JdbcStatement.java:126)
	at br.com.testfilipe.core.database.H2sql.executeStatement(H2sql.java:45)
	at br.com.testfilipe.test.arquivos.TestAdesaoArquivo.importacaoArquivo(TestAdesaoArquivo.java:122)
	at br.com.testfilipe.test.arquivos.TestAdesaoArquivo.validaArquivoAdesaoSalesForce(TestAdesaoArquivo.java:83)
	at sun.reflect.NativeMethodAccessorImpl.invoke0(Native Method)
	at sun.reflect.NativeMethodAccessorImpl.invoke(NativeMethodAccessorImpl.java:62)
	at sun.reflect.DelegatingMethodAccessorImpl.invoke(DelegatingMethodAccessorImpl.java:43)
	at java.lang.reflect.Method.invoke(Method.java:498)
	at org.junit.runners.model.FrameworkMethod$1.runReflectiveCall(FrameworkMethod.java:50)
	at org.junit.internal.runners.model.ReflectiveCallable.run(ReflectiveCallable.java:12)
	at org.junit.runners.model.FrameworkMethod.invokeExplosively(FrameworkMethod.java:47)
	at org.junit.internal.runners.statements.InvokeMethod.evaluate(InvokeMethod.java:17)
	at org.junit.internal.runners.statements.RunBefores.evaluate(RunBefores.java:26)
	at org.junit.runners.ParentRunner.runLeaf(ParentRunner.java:325)
	at org.junit.runners.BlockJUnit4ClassRunner.runChild(BlockJUnit4ClassRunner.java:78)
	at org.junit.runners.BlockJUnit4ClassRunner.runChild(BlockJUnit4ClassRunner.java:57)
	at org.junit.runners.ParentRunner$3.run(ParentRunner.java:290)
	at org.junit.runners.ParentRunner$1.schedule(ParentRunner.java:71)
	at org.junit.runners.ParentRunner.runChildren(ParentRunner.java:288)
	at org.junit.runners.ParentRunner.access$000(ParentRunner.java:58)
	at org.junit.runners.ParentRunner$2.evaluate(ParentRunner.java:268)
	at org.junit.internal.runners.statements.RunBefores.evaluate(RunBefores.java:26)
	at org.junit.internal.runners.statements.RunAfters.evaluate(RunAfters.java:27)
	at org.junit.runners.ParentRunner.run(ParentRunner.java:363)
	at org.eclipse.jdt.internal.junit4.runner.JUnit4TestReference.run(JUnit4TestReference.java:89)
	at org.eclipse.jdt.internal.junit.runner.TestExecution.run(TestExecution.java:41)
	at org.eclipse.jdt.internal.junit.runner.RemoteTestRunner.runTests(RemoteTestRunner.java:541)
	at org.eclipse.jdt.internal.junit.runner.RemoteTestRunner.runTests(RemoteTestRunner.java:763)
	at org.eclipse.jdt.internal.junit.runner.RemoteTestRunner.run(RemoteTestRunner.java:463)
	at org.eclipse.jdt.internal.junit.runner.RemoteTestRunner.main(RemoteTestRunner.java:209)
2019-05-08 11:04:59[THREAD ID=main]  INFO  ChromePlatform:35 - Starting Local WebDriver
2019-05-08 11:05:46[THREAD ID=main]  FATAL SearchElement:61 -  Object Nome do Usuario not found with By.id: username 
org.openqa.selenium.TimeoutException: Expected condition failed: waiting for presence of element located by: By.id: username (tried for 30 second(s) with 500 MILLISECONDS interval)
	at org.openqa.selenium.support.ui.WebDriverWait.timeoutException(WebDriverWait.java:82)
	at org.openqa.selenium.support.ui.FluentWait.until(FluentWait.java:231)
	at br.com.testfilipe.core.selenium.searchelements.SearchElement.findElementBy(SearchElement.java:47)
	at br.com.testfilipe.test.pageobject.salesforce.Login.setUsuario(Login.java:57)
	at br.com.testfilipe.test.pageobject.salesforce.Login.setcredentials(Login.java:77)
	at br.com.testfilipe.test.arquivos.TestAdesaoArquivo.initiate(TestAdesaoArquivo.java:59)
	at sun.reflect.NativeMethodAccessorImpl.invoke0(Native Method)
	at sun.reflect.NativeMethodAccessorImpl.invoke(NativeMethodAccessorImpl.java:62)
	at sun.reflect.DelegatingMethodAccessorImpl.invoke(DelegatingMethodAccessorImpl.java:43)
	at java.lang.reflect.Method.invoke(Method.java:498)
	at org.junit.runners.model.FrameworkMethod$1.runReflectiveCall(FrameworkMethod.java:50)
	at org.junit.internal.runners.model.ReflectiveCallable.run(ReflectiveCallable.java:12)
	at org.junit.runners.model.FrameworkMethod.invokeExplosively(FrameworkMethod.java:47)
	at org.junit.internal.runners.statements.RunBefores.evaluate(RunBefores.java:24)
	at org.junit.internal.runners.statements.RunAfters.evaluate(RunAfters.java:27)
	at org.junit.runners.ParentRunner.run(ParentRunner.java:363)
	at org.eclipse.jdt.internal.junit4.runner.JUnit4TestReference.run(JUnit4TestReference.java:89)
	at org.eclipse.jdt.internal.junit.runner.TestExecution.run(TestExecution.java:41)
	at org.eclipse.jdt.internal.junit.runner.RemoteTestRunner.runTests(RemoteTestRunner.java:541)
	at org.eclipse.jdt.internal.junit.runner.RemoteTestRunner.runTests(RemoteTestRunner.java:763)
	at org.eclipse.jdt.internal.junit.runner.RemoteTestRunner.run(RemoteTestRunner.java:463)
	at org.eclipse.jdt.internal.junit.runner.RemoteTestRunner.main(RemoteTestRunner.java:209)
Caused by: org.openqa.selenium.NoSuchElementException: Cannot locate an element using By.id: username
For documentation on this error, please visit: http://seleniumhq.org/exceptions/no_such_element.html
Build info: version: '3.8.1', revision: '6e95a6684b', time: '2017-12-01T18:33:54.468Z'
System info: host: 'filipe-Aspire-E1-572', ip: '127.0.1.1', os.name: 'Linux', os.arch: 'amd64', os.version: '4.15.0-48-generic', java.version: '1.8.0_201'
Driver info: driver.version: unknown
	at org.openqa.selenium.support.ui.ExpectedConditions.lambda$findElement$0(ExpectedConditions.java:882)
	at java.util.Optional.orElseThrow(Optional.java:290)
	at org.openqa.selenium.support.ui.ExpectedConditions.findElement(ExpectedConditions.java:881)
	at org.openqa.selenium.support.ui.ExpectedConditions.access$000(ExpectedConditions.java:43)
	at org.openqa.selenium.support.ui.ExpectedConditions$6.apply(ExpectedConditions.java:182)
	at org.openqa.selenium.support.ui.ExpectedConditions$6.apply(ExpectedConditions.java:179)
	at org.openqa.selenium.support.ui.FluentWait.until(FluentWait.java:208)
	... 20 more
2019-05-08 11:06:05[THREAD ID=main]  INFO  ChromePlatform:35 - Starting Local WebDriver
2019-05-08 11:06:15[THREAD ID=main]  INFO  SearchElement:54 -  Object Usuario logado found
2019-05-08 11:06:15[THREAD ID=main]  INFO  SearchElement:54 -  Object Acessar found
2019-05-08 11:06:23[THREAD ID=main]  INFO  SearchElement:54 -  Object Inicio found
2019-05-08 11:06:50[THREAD ID=main]  INFO  TestAdesaoArquivo:108 - Dados importados
2019-05-08 14:37:57[THREAD ID=main]  INFO  ChromePlatform:35 - Starting Local WebDriver
2019-05-08 14:42:54[THREAD ID=main]  INFO  ChromePlatform:35 - Starting Local WebDriver
2019-05-08 14:43:31[THREAD ID=main]  INFO  SearchElement:54 -  Object Usuario logado found
2019-05-08 14:43:31[THREAD ID=main]  INFO  SearchElement:54 -  Object Acessar found
2019-05-08 14:43:40[THREAD ID=main]  INFO  SearchElement:54 -  Object Inicio found
2019-05-08 14:44:06[THREAD ID=main]  INFO  TestAdesaoArquivo:108 - Dados importados
2019-05-08 14:45:16[THREAD ID=main]  INFO  TestAdesaoArquivo:124 - Dados Classificados
2019-05-08 14:45:21[THREAD ID=main]  INFO  SearchElement:54 -  Object Propostas found
